<testsuites id="" name="" tests="376" failures="0" skipped="17" errors="328" time="452.29024799999996">
<testsuite name="02-functional.spec.js" timestamp="2026-07-05T06:29:07.155Z" hostname="mobile-safari" tests="1" failures="0" skipped="0" time="0.01" errors="1">
<testcase name="@mobile mobile menu › hamburger opens the slide-in menu and Escape closes it" classname="02-functional.spec.js" time="0.01">
<system-err>
<![CDATA[
Warning: attachment artifacts\02-functional--mobile-mobi-d09ca-n-menu-and-Escape-closes-it-mobile-safari\error-context.md is missing
Warning: attachment artifacts\02-functional--mobile-mobi-d09ca-n-menu-and-Escape-closes-it-mobile-safari\trace.zip is missing]]>
</system-err>
<error message="browserType.launch: Executable doesn&apos;t exist at C:\Users\E092721\AppData\Local\ms-playwright\webkit-2311\Playwright.exe" type="Error">
<![CDATA[  [mobile-safari] › 02-functional.spec.js:235:5 › @mobile mobile menu › hamburger opens the slide-in menu and Escape closes it 

    Error: browserType.launch: Executable doesn't exist at C:\Users\E092721\AppData\Local\ms-playwright\webkit-2311\Playwright.exe
    ╔════════════════════════════════════════════════════════════╗
    ║ Looks like Playwright was just installed or updated.       ║
    ║ Please run the following command to download new browsers: ║
    ║                                                            ║
    ║     npx playwright install                                 ║
    ║                                                            ║
    ║ <3 Playwright Team                                         ║
    ╚════════════════════════════════════════════════════════════╝

    Error Context: ..\audit-report\artifacts\02-functional--mobile-mobi-d09ca-n-menu-and-Escape-closes-it-mobile-safari\error-context.md

    attachment #2: trace (application/zip) ─────────────────────────────────────────────────────────
    ..\audit-report\artifacts\02-functional--mobile-mobi-d09ca-n-menu-and-Escape-closes-it-mobile-safari\trace.zip
    Usage:

        npx playwright show-trace ..\audit-report\artifacts\02-functional--mobile-mobi-d09ca-n-menu-and-Escape-closes-it-mobile-safari\trace.zip

    ────────────────────────────────────────────────────────────────────────────────────────────────
]]>
</error>
</testcase>
</testsuite>
<testsuite name="05-accessibility.spec.js" timestamp="2026-07-05T06:29:07.155Z" hostname="mobile-safari" tests="15" failures="0" skipped="0" time="0.272" errors="15">
<testcase name="@desktop @responsive accessibility › axe: home" classname="05-accessibility.spec.js" time="0.022">
<system-err>
<![CDATA[
Warning: attachment artifacts\05-accessibility--desktop-responsive-accessibility-axe-home-mobile-safari\error-context.md is missing
Warning: attachment artifacts\05-accessibility--desktop-responsive-accessibility-axe-home-mobile-safari\trace.zip is missing]]>
</system-err>
<error message="browserType.launch: Executable doesn&apos;t exist at C:\Users\E092721\AppData\Local\ms-playwright\webkit-2311\Playwright.exe" type="Error">
<![CDATA[  [mobile-safari] › 05-accessibility.spec.js:112:9 › @desktop @responsive accessibility › axe: home 

    Error: browserType.launch: Executable doesn't exist at C:\Users\E092721\AppData\Local\ms-playwright\webkit-2311\Playwright.exe
    ╔════════════════════════════════════════════════════════════╗
    ║ Looks like Playwright was just installed or updated.       ║
    ║ Please run the following command to download new browsers: ║
    ║                                                            ║
    ║     npx playwright install                                 ║
    ║                                                            ║
    ║ <3 Playwright Team                                         ║
    ╚════════════════════════════════════════════════════════════╝

    Error Context: ..\audit-report\artifacts\05-accessibility--desktop-responsive-accessibility-axe-home-mobile-safari\error-context.md

    attachment #2: trace (application/zip) ─────────────────────────────────────────────────────────
    ..\audit-report\artifacts\05-accessibility--desktop-responsive-accessibility-axe-home-mobile-safari\trace.zip
    Usage:

        npx playwright show-trace ..\audit-report\artifacts\05-accessibility--desktop-responsive-accessibility-axe-home-mobile-safari\trace.zip

    ────────────────────────────────────────────────────────────────────────────────────────────────
]]>
</error>
</testcase>
<testcase name="@desktop @responsive accessibility › axe: policies" classname="05-accessibility.spec.js" time="0.007">
<system-err>
<![CDATA[
Warning: attachment artifacts\05-accessibility--desktop--6ee82--accessibility-axe-policies-mobile-safari\error-context.md is missing
Warning: attachment artifacts\05-accessibility--desktop--6ee82--accessibility-axe-policies-mobile-safari\trace.zip is missing]]>
</system-err>
<error message="browserType.launch: Executable doesn&apos;t exist at C:\Users\E092721\AppData\Local\ms-playwright\webkit-2311\Playwright.exe" type="Error">
<![CDATA[  [mobile-safari] › 05-accessibility.spec.js:112:9 › @desktop @responsive accessibility › axe: policies 

    Error: browserType.launch: Executable doesn't exist at C:\Users\E092721\AppData\Local\ms-playwright\webkit-2311\Playwright.exe
    ╔════════════════════════════════════════════════════════════╗
    ║ Looks like Playwright was just installed or updated.       ║
    ║ Please run the following command to download new browsers: ║
    ║                                                            ║
    ║     npx playwright install                                 ║
    ║                                                            ║
    ║ <3 Playwright Team                                         ║
    ╚════════════════════════════════════════════════════════════╝

    Error Context: ..\audit-report\artifacts\05-accessibility--desktop--6ee82--accessibility-axe-policies-mobile-safari\error-context.md

    attachment #2: trace (application/zip) ─────────────────────────────────────────────────────────
    ..\audit-report\artifacts\05-accessibility--desktop--6ee82--accessibility-axe-policies-mobile-safari\trace.zip
    Usage:

        npx playwright show-trace ..\audit-report\artifacts\05-accessibility--desktop--6ee82--accessibility-axe-policies-mobile-safari\trace.zip

    ────────────────────────────────────────────────────────────────────────────────────────────────
]]>
</error>
</testcase>
<testcase name="@desktop @responsive accessibility › axe: products/avise-ginjala-podi" classname="05-accessibility.spec.js" time="0.007">
<system-err>
<![CDATA[
Warning: attachment artifacts\05-accessibility--desktop--27de9-products-avise-ginjala-podi-mobile-safari\error-context.md is missing
Warning: attachment artifacts\05-accessibility--desktop--27de9-products-avise-ginjala-podi-mobile-safari\trace.zip is missing]]>
</system-err>
<error message="browserType.launch: Executable doesn&apos;t exist at C:\Users\E092721\AppData\Local\ms-playwright\webkit-2311\Playwright.exe" type="Error">
<![CDATA[  [mobile-safari] › 05-accessibility.spec.js:112:9 › @desktop @responsive accessibility › axe: products/avise-ginjala-podi 

    Error: browserType.launch: Executable doesn't exist at C:\Users\E092721\AppData\Local\ms-playwright\webkit-2311\Playwright.exe
    ╔════════════════════════════════════════════════════════════╗
    ║ Looks like Playwright was just installed or updated.       ║
    ║ Please run the following command to download new browsers: ║
    ║                                                            ║
    ║     npx playwright install                                 ║
    ║                                                            ║
    ║ <3 Playwright Team                                         ║
    ╚════════════════════════════════════════════════════════════╝

    Error Context: ..\audit-report\artifacts\05-accessibility--desktop--27de9-products-avise-ginjala-podi-mobile-safari\error-context.md

    attachment #2: trace (application/zip) ─────────────────────────────────────────────────────────
    ..\audit-report\artifacts\05-accessibility--desktop--27de9-products-avise-ginjala-podi-mobile-safari\trace.zip
    Usage:

        npx playwright show-trace ..\audit-report\artifacts\05-accessibility--desktop--27de9-products-avise-ginjala-podi-mobile-safari\trace.zip

    ────────────────────────────────────────────────────────────────────────────────────────────────
]]>
</error>
</testcase>
<testcase name="@desktop @responsive accessibility › axe: products/bellam-palli-undalu" classname="05-accessibility.spec.js" time="0.005">
<system-err>
<![CDATA[
Warning: attachment artifacts\05-accessibility--desktop--0a8ed-roducts-bellam-palli-undalu-mobile-safari\error-context.md is missing
Warning: attachment artifacts\05-accessibility--desktop--0a8ed-roducts-bellam-palli-undalu-mobile-safari\trace.zip is missing]]>
</system-err>
<error message="browserType.launch: Executable doesn&apos;t exist at C:\Users\E092721\AppData\Local\ms-playwright\webkit-2311\Playwright.exe" type="Error">
<![CDATA[  [mobile-safari] › 05-accessibility.spec.js:112:9 › @desktop @responsive accessibility › axe: products/bellam-palli-undalu 

    Error: browserType.launch: Executable doesn't exist at C:\Users\E092721\AppData\Local\ms-playwright\webkit-2311\Playwright.exe
    ╔════════════════════════════════════════════════════════════╗
    ║ Looks like Playwright was just installed or updated.       ║
    ║ Please run the following command to download new browsers: ║
    ║                                                            ║
    ║     npx playwright install                                 ║
    ║                                                            ║
    ║ <3 Playwright Team                                         ║
    ╚════════════════════════════════════════════════════════════╝

    Error Context: ..\audit-report\artifacts\05-accessibility--desktop--0a8ed-roducts-bellam-palli-undalu-mobile-safari\error-context.md

    attachment #2: trace (application/zip) ─────────────────────────────────────────────────────────
    ..\audit-report\artifacts\05-accessibility--desktop--0a8ed-roducts-bellam-palli-undalu-mobile-safari\trace.zip
    Usage:

        npx playwright show-trace ..\audit-report\artifacts\05-accessibility--desktop--0a8ed-roducts-bellam-palli-undalu-mobile-safari\trace.zip

    ────────────────────────────────────────────────────────────────────────────────────────────────
]]>
</error>
</testcase>
<testcase name="@desktop @responsive accessibility › axe: products/kandi-podi" classname="05-accessibility.spec.js" time="0.005">
<system-err>
<![CDATA[
Warning: attachment artifacts\05-accessibility--desktop--604a7-ity-axe-products-kandi-podi-mobile-safari\error-context.md is missing
Warning: attachment artifacts\05-accessibility--desktop--604a7-ity-axe-products-kandi-podi-mobile-safari\trace.zip is missing]]>
</system-err>
<error message="browserType.launch: Executable doesn&apos;t exist at C:\Users\E092721\AppData\Local\ms-playwright\webkit-2311\Playwright.exe" type="Error">
<![CDATA[  [mobile-safari] › 05-accessibility.spec.js:112:9 › @desktop @responsive accessibility › axe: products/kandi-podi 

    Error: browserType.launch: Executable doesn't exist at C:\Users\E092721\AppData\Local\ms-playwright\webkit-2311\Playwright.exe
    ╔════════════════════════════════════════════════════════════╗
    ║ Looks like Playwright was just installed or updated.       ║
    ║ Please run the following command to download new browsers: ║
    ║                                                            ║
    ║     npx playwright install                                 ║
    ║                                                            ║
    ║ <3 Playwright Team                                         ║
    ╚════════════════════════════════════════════════════════════╝

    Error Context: ..\audit-report\artifacts\05-accessibility--desktop--604a7-ity-axe-products-kandi-podi-mobile-safari\error-context.md

    attachment #2: trace (application/zip) ─────────────────────────────────────────────────────────
    ..\audit-report\artifacts\05-accessibility--desktop--604a7-ity-axe-products-kandi-podi-mobile-safari\trace.zip
    Usage:

        npx playwright show-trace ..\audit-report\artifacts\05-accessibility--desktop--604a7-ity-axe-products-kandi-podi-mobile-safari\trace.zip

    ────────────────────────────────────────────────────────────────────────────────────────────────
]]>
</error>
</testcase>
<testcase name="@desktop @responsive accessibility › axe: products/karivepaku-podi" classname="05-accessibility.spec.js" time="0.015">
<system-err>
<![CDATA[
Warning: attachment artifacts\05-accessibility--desktop--d6bc6-xe-products-karivepaku-podi-mobile-safari\error-context.md is missing
Warning: attachment artifacts\05-accessibility--desktop--d6bc6-xe-products-karivepaku-podi-mobile-safari\trace.zip is missing]]>
</system-err>
<error message="browserType.launch: Executable doesn&apos;t exist at C:\Users\E092721\AppData\Local\ms-playwright\webkit-2311\Playwright.exe" type="Error">
<![CDATA[  [mobile-safari] › 05-accessibility.spec.js:112:9 › @desktop @responsive accessibility › axe: products/karivepaku-podi 

    Error: browserType.launch: Executable doesn't exist at C:\Users\E092721\AppData\Local\ms-playwright\webkit-2311\Playwright.exe
    ╔════════════════════════════════════════════════════════════╗
    ║ Looks like Playwright was just installed or updated.       ║
    ║ Please run the following command to download new browsers: ║
    ║                                                            ║
    ║     npx playwright install                                 ║
    ║                                                            ║
    ║ <3 Playwright Team                                         ║
    ╚════════════════════════════════════════════════════════════╝

    Error Context: ..\audit-report\artifacts\05-accessibility--desktop--d6bc6-xe-products-karivepaku-podi-mobile-safari\error-context.md

    attachment #2: trace (application/zip) ─────────────────────────────────────────────────────────
    ..\audit-report\artifacts\05-accessibility--desktop--d6bc6-xe-products-karivepaku-podi-mobile-safari\trace.zip
    Usage:

        npx playwright show-trace ..\audit-report\artifacts\05-accessibility--desktop--d6bc6-xe-products-karivepaku-podi-mobile-safari\trace.zip

    ────────────────────────────────────────────────────────────────────────────────────────────────
]]>
</error>
</testcase>
<testcase name="@desktop @responsive accessibility › axe: products/minapa-sunni-undalu" classname="05-accessibility.spec.js" time="0.006">
<system-err>
<![CDATA[
Warning: attachment artifacts\05-accessibility--desktop--18f30-roducts-minapa-sunni-undalu-mobile-safari\error-context.md is missing
Warning: attachment artifacts\05-accessibility--desktop--18f30-roducts-minapa-sunni-undalu-mobile-safari\trace.zip is missing]]>
</system-err>
<error message="browserType.launch: Executable doesn&apos;t exist at C:\Users\E092721\AppData\Local\ms-playwright\webkit-2311\Playwright.exe" type="Error">
<![CDATA[  [mobile-safari] › 05-accessibility.spec.js:112:9 › @desktop @responsive accessibility › axe: products/minapa-sunni-undalu 

    Error: browserType.launch: Executable doesn't exist at C:\Users\E092721\AppData\Local\ms-playwright\webkit-2311\Playwright.exe
    ╔════════════════════════════════════════════════════════════╗
    ║ Looks like Playwright was just installed or updated.       ║
    ║ Please run the following command to download new browsers: ║
    ║                                                            ║
    ║     npx playwright install                                 ║
    ║                                                            ║
    ║ <3 Playwright Team                                         ║
    ╚════════════════════════════════════════════════════════════╝

    Error Context: ..\audit-report\artifacts\05-accessibility--desktop--18f30-roducts-minapa-sunni-undalu-mobile-safari\error-context.md

    attachment #2: trace (application/zip) ─────────────────────────────────────────────────────────
    ..\audit-report\artifacts\05-accessibility--desktop--18f30-roducts-minapa-sunni-undalu-mobile-safari\trace.zip
    Usage:

        npx playwright show-trace ..\audit-report\artifacts\05-accessibility--desktop--18f30-roducts-minapa-sunni-undalu-mobile-safari\trace.zip

    ────────────────────────────────────────────────────────────────────────────────────────────────
]]>
</error>
</testcase>
<testcase name="@desktop @responsive accessibility › axe: products/munagaku-podi" classname="05-accessibility.spec.js" time="0.056">
<system-err>
<![CDATA[
Warning: attachment artifacts\05-accessibility--desktop--be2e1--axe-products-munagaku-podi-mobile-safari\error-context.md is missing
Warning: attachment artifacts\05-accessibility--desktop--be2e1--axe-products-munagaku-podi-mobile-safari\trace.zip is missing]]>
</system-err>
<error message="browserType.launch: Executable doesn&apos;t exist at C:\Users\E092721\AppData\Local\ms-playwright\webkit-2311\Playwright.exe" type="Error">
<![CDATA[  [mobile-safari] › 05-accessibility.spec.js:112:9 › @desktop @responsive accessibility › axe: products/munagaku-podi 

    Error: browserType.launch: Executable doesn't exist at C:\Users\E092721\AppData\Local\ms-playwright\webkit-2311\Playwright.exe
    ╔════════════════════════════════════════════════════════════╗
    ║ Looks like Playwright was just installed or updated.       ║
    ║ Please run the following command to download new browsers: ║
    ║                                                            ║
    ║     npx playwright install                                 ║
    ║                                                            ║
    ║ <3 Playwright Team                                         ║
    ╚════════════════════════════════════════════════════════════╝

    Error Context: ..\audit-report\artifacts\05-accessibility--desktop--be2e1--axe-products-munagaku-podi-mobile-safari\error-context.md

    attachment #2: trace (application/zip) ─────────────────────────────────────────────────────────
    ..\audit-report\artifacts\05-accessibility--desktop--be2e1--axe-products-munagaku-podi-mobile-safari\trace.zip
    Usage:

        npx playwright show-trace ..\audit-report\artifacts\05-accessibility--desktop--be2e1--axe-products-munagaku-podi-mobile-safari\trace.zip

    ────────────────────────────────────────────────────────────────────────────────────────────────
]]>
</error>
</testcase>
<testcase name="@desktop @responsive accessibility › axe: products/nuvvula-podi" classname="05-accessibility.spec.js" time="0.008">
<system-err>
<![CDATA[
Warning: attachment artifacts\05-accessibility--desktop--57a61-y-axe-products-nuvvula-podi-mobile-safari\error-context.md is missing
Warning: attachment artifacts\05-accessibility--desktop--57a61-y-axe-products-nuvvula-podi-mobile-safari\trace.zip is missing]]>
</system-err>
<error message="browserType.launch: Executable doesn&apos;t exist at C:\Users\E092721\AppData\Local\ms-playwright\webkit-2311\Playwright.exe" type="Error">
<![CDATA[  [mobile-safari] › 05-accessibility.spec.js:112:9 › @desktop @responsive accessibility › axe: products/nuvvula-podi 

    Error: browserType.launch: Executable doesn't exist at C:\Users\E092721\AppData\Local\ms-playwright\webkit-2311\Playwright.exe
    ╔════════════════════════════════════════════════════════════╗
    ║ Looks like Playwright was just installed or updated.       ║
    ║ Please run the following command to download new browsers: ║
    ║                                                            ║
    ║     npx playwright install                                 ║
    ║                                                            ║
    ║ <3 Playwright Team                                         ║
    ╚════════════════════════════════════════════════════════════╝

    Error Context: ..\audit-report\artifacts\05-accessibility--desktop--57a61-y-axe-products-nuvvula-podi-mobile-safari\error-context.md

    attachment #2: trace (application/zip) ─────────────────────────────────────────────────────────
    ..\audit-report\artifacts\05-accessibility--desktop--57a61-y-axe-products-nuvvula-podi-mobile-safari\trace.zip
    Usage:

        npx playwright show-trace ..\audit-report\artifacts\05-accessibility--desktop--57a61-y-axe-products-nuvvula-podi-mobile-safari\trace.zip

    ────────────────────────────────────────────────────────────────────────────────────────────────
]]>
</error>
</testcase>
<testcase name="@desktop @responsive accessibility › axe: products/nuvvula-undalu" classname="05-accessibility.spec.js" time="0.013">
<system-err>
<![CDATA[
Warning: attachment artifacts\05-accessibility--desktop--836dd-axe-products-nuvvula-undalu-mobile-safari\error-context.md is missing
Warning: attachment artifacts\05-accessibility--desktop--836dd-axe-products-nuvvula-undalu-mobile-safari\trace.zip is missing]]>
</system-err>
<error message="browserType.launch: Executable doesn&apos;t exist at C:\Users\E092721\AppData\Local\ms-playwright\webkit-2311\Playwright.exe" type="Error">
<![CDATA[  [mobile-safari] › 05-accessibility.spec.js:112:9 › @desktop @responsive accessibility › axe: products/nuvvula-undalu 

    Error: browserType.launch: Executable doesn't exist at C:\Users\E092721\AppData\Local\ms-playwright\webkit-2311\Playwright.exe
    ╔════════════════════════════════════════════════════════════╗
    ║ Looks like Playwright was just installed or updated.       ║
    ║ Please run the following command to download new browsers: ║
    ║                                                            ║
    ║     npx playwright install                                 ║
    ║                                                            ║
    ║ <3 Playwright Team                                         ║
    ╚════════════════════════════════════════════════════════════╝

    Error Context: ..\audit-report\artifacts\05-accessibility--desktop--836dd-axe-products-nuvvula-undalu-mobile-safari\error-context.md

    attachment #2: trace (application/zip) ─────────────────────────────────────────────────────────
    ..\audit-report\artifacts\05-accessibility--desktop--836dd-axe-products-nuvvula-undalu-mobile-safari\trace.zip
    Usage:

        npx playwright show-trace ..\audit-report\artifacts\05-accessibility--desktop--836dd-axe-products-nuvvula-undalu-mobile-safari\trace.zip

    ────────────────────────────────────────────────────────────────────────────────────────────────
]]>
</error>
</testcase>
<testcase name="@desktop @responsive accessibility › axe: products/vellulli-karampodi" classname="05-accessibility.spec.js" time="0.038">
<system-err>
<![CDATA[
Warning: attachment artifacts\05-accessibility--desktop--ef016-products-vellulli-karampodi-mobile-safari\error-context.md is missing
Warning: attachment artifacts\05-accessibility--desktop--ef016-products-vellulli-karampodi-mobile-safari\trace.zip is missing]]>
</system-err>
<error message="browserType.launch: Executable doesn&apos;t exist at C:\Users\E092721\AppData\Local\ms-playwright\webkit-2311\Playwright.exe" type="Error">
<![CDATA[  [mobile-safari] › 05-accessibility.spec.js:112:9 › @desktop @responsive accessibility › axe: products/vellulli-karampodi 

    Error: browserType.launch: Executable doesn't exist at C:\Users\E092721\AppData\Local\ms-playwright\webkit-2311\Playwright.exe
    ╔════════════════════════════════════════════════════════════╗
    ║ Looks like Playwright was just installed or updated.       ║
    ║ Please run the following command to download new browsers: ║
    ║                                                            ║
    ║     npx playwright install                                 ║
    ║                                                            ║
    ║ <3 Playwright Team                                         ║
    ╚════════════════════════════════════════════════════════════╝

    Error Context: ..\audit-report\artifacts\05-accessibility--desktop--ef016-products-vellulli-karampodi-mobile-safari\error-context.md

    attachment #2: trace (application/zip) ─────────────────────────────────────────────────────────
    ..\audit-report\artifacts\05-accessibility--desktop--ef016-products-vellulli-karampodi-mobile-safari\trace.zip
    Usage:

        npx playwright show-trace ..\audit-report\artifacts\05-accessibility--desktop--ef016-products-vellulli-karampodi-mobile-safari\trace.zip

    ────────────────────────────────────────────────────────────────────────────────────────────────
]]>
</error>
</testcase>
<testcase name="@desktop @responsive accessibility › axe: blog/homemade-vs-store-bought-podi" classname="05-accessibility.spec.js" time="0.059">
<system-err>
<![CDATA[
Warning: attachment artifacts\05-accessibility--desktop--ee5d7-memade-vs-store-bought-podi-mobile-safari\error-context.md is missing
Warning: attachment artifacts\05-accessibility--desktop--ee5d7-memade-vs-store-bought-podi-mobile-safari\trace.zip is missing]]>
</system-err>
<error message="browserType.launch: Executable doesn&apos;t exist at C:\Users\E092721\AppData\Local\ms-playwright\webkit-2311\Playwright.exe" type="Error">
<![CDATA[  [mobile-safari] › 05-accessibility.spec.js:112:9 › @desktop @responsive accessibility › axe: blog/homemade-vs-store-bought-podi 

    Error: browserType.launch: Executable doesn't exist at C:\Users\E092721\AppData\Local\ms-playwright\webkit-2311\Playwright.exe
    ╔════════════════════════════════════════════════════════════╗
    ║ Looks like Playwright was just installed or updated.       ║
    ║ Please run the following command to download new browsers: ║
    ║                                                            ║
    ║     npx playwright install                                 ║
    ║                                                            ║
    ║ <3 Playwright Team                                         ║
    ╚════════════════════════════════════════════════════════════╝

    Error Context: ..\audit-report\artifacts\05-accessibility--desktop--ee5d7-memade-vs-store-bought-podi-mobile-safari\error-context.md

    attachment #2: trace (application/zip) ─────────────────────────────────────────────────────────
    ..\audit-report\artifacts\05-accessibility--desktop--ee5d7-memade-vs-store-bought-podi-mobile-safari\trace.zip
    Usage:

        npx playwright show-trace ..\audit-report\artifacts\05-accessibility--desktop--ee5d7-memade-vs-store-bought-podi-mobile-safari\trace.zip

    ────────────────────────────────────────────────────────────────────────────────────────────────
]]>
</error>
</testcase>
<testcase name="@desktop @responsive accessibility › axe: blog/kandi-podi-benefits-uses" classname="05-accessibility.spec.js" time="0.01">
<system-err>
<![CDATA[
Warning: attachment artifacts\05-accessibility--desktop--27c5a-og-kandi-podi-benefits-uses-mobile-safari\error-context.md is missing
Warning: attachment artifacts\05-accessibility--desktop--27c5a-og-kandi-podi-benefits-uses-mobile-safari\trace.zip is missing]]>
</system-err>
<error message="browserType.launch: Executable doesn&apos;t exist at C:\Users\E092721\AppData\Local\ms-playwright\webkit-2311\Playwright.exe" type="Error">
<![CDATA[  [mobile-safari] › 05-accessibility.spec.js:112:9 › @desktop @responsive accessibility › axe: blog/kandi-podi-benefits-uses 

    Error: browserType.launch: Executable doesn't exist at C:\Users\E092721\AppData\Local\ms-playwright\webkit-2311\Playwright.exe
    ╔════════════════════════════════════════════════════════════╗
    ║ Looks like Playwright was just installed or updated.       ║
    ║ Please run the following command to download new browsers: ║
    ║                                                            ║
    ║     npx playwright install                                 ║
    ║                                                            ║
    ║ <3 Playwright Team                                         ║
    ╚════════════════════════════════════════════════════════════╝

    Error Context: ..\audit-report\artifacts\05-accessibility--desktop--27c5a-og-kandi-podi-benefits-uses-mobile-safari\error-context.md

    attachment #2: trace (application/zip) ─────────────────────────────────────────────────────────
    ..\audit-report\artifacts\05-accessibility--desktop--27c5a-og-kandi-podi-benefits-uses-mobile-safari\trace.zip
    Usage:

        npx playwright show-trace ..\audit-report\artifacts\05-accessibility--desktop--27c5a-og-kandi-podi-benefits-uses-mobile-safari\trace.zip

    ────────────────────────────────────────────────────────────────────────────────────────────────
]]>
</error>
</testcase>
<testcase name="@desktop @responsive accessibility › axe: blog/karivepaku-podi-curry-leaves-powder" classname="05-accessibility.spec.js" time="0.012">
<system-err>
<![CDATA[
Warning: attachment artifacts\05-accessibility--desktop--828a7-ku-podi-curry-leaves-powder-mobile-safari\error-context.md is missing
Warning: attachment artifacts\05-accessibility--desktop--828a7-ku-podi-curry-leaves-powder-mobile-safari\trace.zip is missing]]>
</system-err>
<error message="browserType.launch: Executable doesn&apos;t exist at C:\Users\E092721\AppData\Local\ms-playwright\webkit-2311\Playwright.exe" type="Error">
<![CDATA[  [mobile-safari] › 05-accessibility.spec.js:112:9 › @desktop @responsive accessibility › axe: blog/karivepaku-podi-curry-leaves-powder 

    Error: browserType.launch: Executable doesn't exist at C:\Users\E092721\AppData\Local\ms-playwright\webkit-2311\Playwright.exe
    ╔════════════════════════════════════════════════════════════╗
    ║ Looks like Playwright was just installed or updated.       ║
    ║ Please run the following command to download new browsers: ║
    ║                                                            ║
    ║     npx playwright install                                 ║
    ║                                                            ║
    ║ <3 Playwright Team                                         ║
    ╚════════════════════════════════════════════════════════════╝

    Error Context: ..\audit-report\artifacts\05-accessibility--desktop--828a7-ku-podi-curry-leaves-powder-mobile-safari\error-context.md

    attachment #2: trace (application/zip) ─────────────────────────────────────────────────────────
    ..\audit-report\artifacts\05-accessibility--desktop--828a7-ku-podi-curry-leaves-powder-mobile-safari\trace.zip
    Usage:

        npx playwright show-trace ..\audit-report\artifacts\05-accessibility--desktop--828a7-ku-podi-curry-leaves-powder-mobile-safari\trace.zip

    ────────────────────────────────────────────────────────────────────────────────────────────────
]]>
</error>
</testcase>
<testcase name="@desktop @responsive accessibility › axe: home with cart drawer open" classname="05-accessibility.spec.js" time="0.009">
<system-err>
<![CDATA[
Warning: attachment artifacts\05-accessibility--desktop--816be--home-with-cart-drawer-open-mobile-safari\error-context.md is missing
Warning: attachment artifacts\05-accessibility--desktop--816be--home-with-cart-drawer-open-mobile-safari\trace.zip is missing]]>
</system-err>
<error message="browserType.launch: Executable doesn&apos;t exist at C:\Users\E092721\AppData\Local\ms-playwright\webkit-2311\Playwright.exe" type="Error">
<![CDATA[  [mobile-safari] › 05-accessibility.spec.js:117:5 › @desktop @responsive accessibility › axe: home with cart drawer open 

    Error: browserType.launch: Executable doesn't exist at C:\Users\E092721\AppData\Local\ms-playwright\webkit-2311\Playwright.exe
    ╔════════════════════════════════════════════════════════════╗
    ║ Looks like Playwright was just installed or updated.       ║
    ║ Please run the following command to download new browsers: ║
    ║                                                            ║
    ║     npx playwright install                                 ║
    ║                                                            ║
    ║ <3 Playwright Team                                         ║
    ╚════════════════════════════════════════════════════════════╝

    Error Context: ..\audit-report\artifacts\05-accessibility--desktop--816be--home-with-cart-drawer-open-mobile-safari\error-context.md

    attachment #2: trace (application/zip) ─────────────────────────────────────────────────────────
    ..\audit-report\artifacts\05-accessibility--desktop--816be--home-with-cart-drawer-open-mobile-safari\trace.zip
    Usage:

        npx playwright show-trace ..\audit-report\artifacts\05-accessibility--desktop--816be--home-with-cart-drawer-open-mobile-safari\trace.zip

    ────────────────────────────────────────────────────────────────────────────────────────────────
]]>
</error>
</testcase>
</testsuite>
<testsuite name="13-visual-responsive.spec.js" timestamp="2026-07-05T06:29:07.155Z" hostname="mobile-safari" tests="14" failures="0" skipped="0" time="0.168" errors="14">
<testcase name="@responsive visual regression + overflow › visual: home" classname="13-visual-responsive.spec.js" time="0.045">
<system-err>
<![CDATA[
Warning: attachment artifacts\13-visual-responsive--resp-8dbd4-ession-overflow-visual-home-mobile-safari\error-context.md is missing
Warning: attachment artifacts\13-visual-responsive--resp-8dbd4-ession-overflow-visual-home-mobile-safari\trace.zip is missing]]>
</system-err>
<error message="browserType.launch: Executable doesn&apos;t exist at C:\Users\E092721\AppData\Local\ms-playwright\webkit-2311\Playwright.exe" type="Error">
<![CDATA[  [mobile-safari] › 13-visual-responsive.spec.js:38:9 › @responsive visual regression + overflow › visual: home 

    Error: browserType.launch: Executable doesn't exist at C:\Users\E092721\AppData\Local\ms-playwright\webkit-2311\Playwright.exe
    ╔════════════════════════════════════════════════════════════╗
    ║ Looks like Playwright was just installed or updated.       ║
    ║ Please run the following command to download new browsers: ║
    ║                                                            ║
    ║     npx playwright install                                 ║
    ║                                                            ║
    ║ <3 Playwright Team                                         ║
    ╚════════════════════════════════════════════════════════════╝

    Error Context: ..\audit-report\artifacts\13-visual-responsive--resp-8dbd4-ession-overflow-visual-home-mobile-safari\error-context.md

    attachment #2: trace (application/zip) ─────────────────────────────────────────────────────────
    ..\audit-report\artifacts\13-visual-responsive--resp-8dbd4-ession-overflow-visual-home-mobile-safari\trace.zip
    Usage:

        npx playwright show-trace ..\audit-report\artifacts\13-visual-responsive--resp-8dbd4-ession-overflow-visual-home-mobile-safari\trace.zip

    ────────────────────────────────────────────────────────────────────────────────────────────────
]]>
</error>
</testcase>
<testcase name="@responsive visual regression + overflow › visual: policies" classname="13-visual-responsive.spec.js" time="0.013">
<system-err>
<![CDATA[
Warning: attachment artifacts\13-visual-responsive--resp-cfb1d-on-overflow-visual-policies-mobile-safari\error-context.md is missing
Warning: attachment artifacts\13-visual-responsive--resp-cfb1d-on-overflow-visual-policies-mobile-safari\trace.zip is missing]]>
</system-err>
<error message="browserType.launch: Executable doesn&apos;t exist at C:\Users\E092721\AppData\Local\ms-playwright\webkit-2311\Playwright.exe" type="Error">
<![CDATA[  [mobile-safari] › 13-visual-responsive.spec.js:38:9 › @responsive visual regression + overflow › visual: policies 

    Error: browserType.launch: Executable doesn't exist at C:\Users\E092721\AppData\Local\ms-playwright\webkit-2311\Playwright.exe
    ╔════════════════════════════════════════════════════════════╗
    ║ Looks like Playwright was just installed or updated.       ║
    ║ Please run the following command to download new browsers: ║
    ║                                                            ║
    ║     npx playwright install                                 ║
    ║                                                            ║
    ║ <3 Playwright Team                                         ║
    ╚════════════════════════════════════════════════════════════╝

    Error Context: ..\audit-report\artifacts\13-visual-responsive--resp-cfb1d-on-overflow-visual-policies-mobile-safari\error-context.md

    attachment #2: trace (application/zip) ─────────────────────────────────────────────────────────
    ..\audit-report\artifacts\13-visual-responsive--resp-cfb1d-on-overflow-visual-policies-mobile-safari\trace.zip
    Usage:

        npx playwright show-trace ..\audit-report\artifacts\13-visual-responsive--resp-cfb1d-on-overflow-visual-policies-mobile-safari\trace.zip

    ────────────────────────────────────────────────────────────────────────────────────────────────
]]>
</error>
</testcase>
<testcase name="@responsive visual regression + overflow › visual: products/avise-ginjala-podi" classname="13-visual-responsive.spec.js" time="0.024">
<system-err>
<![CDATA[
Warning: attachment artifacts\13-visual-responsive--resp-1b273-products-avise-ginjala-podi-mobile-safari\error-context.md is missing
Warning: attachment artifacts\13-visual-responsive--resp-1b273-products-avise-ginjala-podi-mobile-safari\trace.zip is missing]]>
</system-err>
<error message="browserType.launch: Executable doesn&apos;t exist at C:\Users\E092721\AppData\Local\ms-playwright\webkit-2311\Playwright.exe" type="Error">
<![CDATA[  [mobile-safari] › 13-visual-responsive.spec.js:38:9 › @responsive visual regression + overflow › visual: products/avise-ginjala-podi 

    Error: browserType.launch: Executable doesn't exist at C:\Users\E092721\AppData\Local\ms-playwright\webkit-2311\Playwright.exe
    ╔════════════════════════════════════════════════════════════╗
    ║ Looks like Playwright was just installed or updated.       ║
    ║ Please run the following command to download new browsers: ║
    ║                                                            ║
    ║     npx playwright install                                 ║
    ║                                                            ║
    ║ <3 Playwright Team                                         ║
    ╚════════════════════════════════════════════════════════════╝

    Error Context: ..\audit-report\artifacts\13-visual-responsive--resp-1b273-products-avise-ginjala-podi-mobile-safari\error-context.md

    attachment #2: trace (application/zip) ─────────────────────────────────────────────────────────
    ..\audit-report\artifacts\13-visual-responsive--resp-1b273-products-avise-ginjala-podi-mobile-safari\trace.zip
    Usage:

        npx playwright show-trace ..\audit-report\artifacts\13-visual-responsive--resp-1b273-products-avise-ginjala-podi-mobile-safari\trace.zip

    ────────────────────────────────────────────────────────────────────────────────────────────────
]]>
</error>
</testcase>
<testcase name="@responsive visual regression + overflow › visual: products/bellam-palli-undalu" classname="13-visual-responsive.spec.js" time="0.008">
<system-err>
<![CDATA[
Warning: attachment artifacts\13-visual-responsive--resp-96cd2-roducts-bellam-palli-undalu-mobile-safari\error-context.md is missing
Warning: attachment artifacts\13-visual-responsive--resp-96cd2-roducts-bellam-palli-undalu-mobile-safari\trace.zip is missing]]>
</system-err>
<error message="browserType.launch: Executable doesn&apos;t exist at C:\Users\E092721\AppData\Local\ms-playwright\webkit-2311\Playwright.exe" type="Error">
<![CDATA[  [mobile-safari] › 13-visual-responsive.spec.js:38:9 › @responsive visual regression + overflow › visual: products/bellam-palli-undalu 

    Error: browserType.launch: Executable doesn't exist at C:\Users\E092721\AppData\Local\ms-playwright\webkit-2311\Playwright.exe
    ╔════════════════════════════════════════════════════════════╗
    ║ Looks like Playwright was just installed or updated.       ║
    ║ Please run the following command to download new browsers: ║
    ║                                                            ║
    ║     npx playwright install                                 ║
    ║                                                            ║
    ║ <3 Playwright Team                                         ║
    ╚════════════════════════════════════════════════════════════╝

    Error Context: ..\audit-report\artifacts\13-visual-responsive--resp-96cd2-roducts-bellam-palli-undalu-mobile-safari\error-context.md

    attachment #2: trace (application/zip) ─────────────────────────────────────────────────────────
    ..\audit-report\artifacts\13-visual-responsive--resp-96cd2-roducts-bellam-palli-undalu-mobile-safari\trace.zip
    Usage:

        npx playwright show-trace ..\audit-report\artifacts\13-visual-responsive--resp-96cd2-roducts-bellam-palli-undalu-mobile-safari\trace.zip

    ────────────────────────────────────────────────────────────────────────────────────────────────
]]>
</error>
</testcase>
<testcase name="@responsive visual regression + overflow › visual: products/kandi-podi" classname="13-visual-responsive.spec.js" time="0.012">
<system-err>
<![CDATA[
Warning: attachment artifacts\13-visual-responsive--resp-4c64e--visual-products-kandi-podi-mobile-safari\error-context.md is missing
Warning: attachment artifacts\13-visual-responsive--resp-4c64e--visual-products-kandi-podi-mobile-safari\trace.zip is missing]]>
</system-err>
<error message="browserType.launch: Executable doesn&apos;t exist at C:\Users\E092721\AppData\Local\ms-playwright\webkit-2311\Playwright.exe" type="Error">
<![CDATA[  [mobile-safari] › 13-visual-responsive.spec.js:38:9 › @responsive visual regression + overflow › visual: products/kandi-podi 

    Error: browserType.launch: Executable doesn't exist at C:\Users\E092721\AppData\Local\ms-playwright\webkit-2311\Playwright.exe
    ╔════════════════════════════════════════════════════════════╗
    ║ Looks like Playwright was just installed or updated.       ║
    ║ Please run the following command to download new browsers: ║
    ║                                                            ║
    ║     npx playwright install                                 ║
    ║                                                            ║
    ║ <3 Playwright Team                                         ║
    ╚════════════════════════════════════════════════════════════╝

    Error Context: ..\audit-report\artifacts\13-visual-responsive--resp-4c64e--visual-products-kandi-podi-mobile-safari\error-context.md

    attachment #2: trace (application/zip) ─────────────────────────────────────────────────────────
    ..\audit-report\artifacts\13-visual-responsive--resp-4c64e--visual-products-kandi-podi-mobile-safari\trace.zip
    Usage:

        npx playwright show-trace ..\audit-report\artifacts\13-visual-responsive--resp-4c64e--visual-products-kandi-podi-mobile-safari\trace.zip

    ────────────────────────────────────────────────────────────────────────────────────────────────
]]>
</error>
</testcase>
<testcase name="@responsive visual regression + overflow › visual: products/karivepaku-podi" classname="13-visual-responsive.spec.js" time="0.01">
<system-err>
<![CDATA[
Warning: attachment artifacts\13-visual-responsive--resp-92bae-al-products-karivepaku-podi-mobile-safari\error-context.md is missing
Warning: attachment artifacts\13-visual-responsive--resp-92bae-al-products-karivepaku-podi-mobile-safari\trace.zip is missing]]>
</system-err>
<error message="browserType.launch: Executable doesn&apos;t exist at C:\Users\E092721\AppData\Local\ms-playwright\webkit-2311\Playwright.exe" type="Error">
<![CDATA[  [mobile-safari] › 13-visual-responsive.spec.js:38:9 › @responsive visual regression + overflow › visual: products/karivepaku-podi 

    Error: browserType.launch: Executable doesn't exist at C:\Users\E092721\AppData\Local\ms-playwright\webkit-2311\Playwright.exe
    ╔════════════════════════════════════════════════════════════╗
    ║ Looks like Playwright was just installed or updated.       ║
    ║ Please run the following command to download new browsers: ║
    ║                                                            ║
    ║     npx playwright install                                 ║
    ║                                                            ║
    ║ <3 Playwright Team                                         ║
    ╚════════════════════════════════════════════════════════════╝

    Error Context: ..\audit-report\artifacts\13-visual-responsive--resp-92bae-al-products-karivepaku-podi-mobile-safari\error-context.md

    attachment #2: trace (application/zip) ─────────────────────────────────────────────────────────
    ..\audit-report\artifacts\13-visual-responsive--resp-92bae-al-products-karivepaku-podi-mobile-safari\trace.zip
    Usage:

        npx playwright show-trace ..\audit-report\artifacts\13-visual-responsive--resp-92bae-al-products-karivepaku-podi-mobile-safari\trace.zip

    ────────────────────────────────────────────────────────────────────────────────────────────────
]]>
</error>
</testcase>
<testcase name="@responsive visual regression + overflow › visual: products/minapa-sunni-undalu" classname="13-visual-responsive.spec.js" time="0.013">
<system-err>
<![CDATA[
Warning: attachment artifacts\13-visual-responsive--resp-a3977-roducts-minapa-sunni-undalu-mobile-safari\error-context.md is missing
Warning: attachment artifacts\13-visual-responsive--resp-a3977-roducts-minapa-sunni-undalu-mobile-safari\trace.zip is missing]]>
</system-err>
<error message="browserType.launch: Executable doesn&apos;t exist at C:\Users\E092721\AppData\Local\ms-playwright\webkit-2311\Playwright.exe" type="Error">
<![CDATA[  [mobile-safari] › 13-visual-responsive.spec.js:38:9 › @responsive visual regression + overflow › visual: products/minapa-sunni-undalu 

    Error: browserType.launch: Executable doesn't exist at C:\Users\E092721\AppData\Local\ms-playwright\webkit-2311\Playwright.exe
    ╔════════════════════════════════════════════════════════════╗
    ║ Looks like Playwright was just installed or updated.       ║
    ║ Please run the following command to download new browsers: ║
    ║                                                            ║
    ║     npx playwright install                                 ║
    ║                                                            ║
    ║ <3 Playwright Team                                         ║
    ╚════════════════════════════════════════════════════════════╝

    Error Context: ..\audit-report\artifacts\13-visual-responsive--resp-a3977-roducts-minapa-sunni-undalu-mobile-safari\error-context.md

    attachment #2: trace (application/zip) ─────────────────────────────────────────────────────────
    ..\audit-report\artifacts\13-visual-responsive--resp-a3977-roducts-minapa-sunni-undalu-mobile-safari\trace.zip
    Usage:

        npx playwright show-trace ..\audit-report\artifacts\13-visual-responsive--resp-a3977-roducts-minapa-sunni-undalu-mobile-safari\trace.zip

    ────────────────────────────────────────────────────────────────────────────────────────────────
]]>
</error>
</testcase>
<testcase name="@responsive visual regression + overflow › visual: products/munagaku-podi" classname="13-visual-responsive.spec.js" time="0.007">
<system-err>
<![CDATA[
Warning: attachment artifacts\13-visual-responsive--resp-30ffb-sual-products-munagaku-podi-mobile-safari\error-context.md is missing
Warning: attachment artifacts\13-visual-responsive--resp-30ffb-sual-products-munagaku-podi-mobile-safari\trace.zip is missing]]>
</system-err>
<error message="browserType.launch: Executable doesn&apos;t exist at C:\Users\E092721\AppData\Local\ms-playwright\webkit-2311\Playwright.exe" type="Error">
<![CDATA[  [mobile-safari] › 13-visual-responsive.spec.js:38:9 › @responsive visual regression + overflow › visual: products/munagaku-podi 

    Error: browserType.launch: Executable doesn't exist at C:\Users\E092721\AppData\Local\ms-playwright\webkit-2311\Playwright.exe
    ╔════════════════════════════════════════════════════════════╗
    ║ Looks like Playwright was just installed or updated.       ║
    ║ Please run the following command to download new browsers: ║
    ║                                                            ║
    ║     npx playwright install                                 ║
    ║                                                            ║
    ║ <3 Playwright Team                                         ║
    ╚════════════════════════════════════════════════════════════╝

    Error Context: ..\audit-report\artifacts\13-visual-responsive--resp-30ffb-sual-products-munagaku-podi-mobile-safari\error-context.md

    attachment #2: trace (application/zip) ─────────────────────────────────────────────────────────
    ..\audit-report\artifacts\13-visual-responsive--resp-30ffb-sual-products-munagaku-podi-mobile-safari\trace.zip
    Usage:

        npx playwright show-trace ..\audit-report\artifacts\13-visual-responsive--resp-30ffb-sual-products-munagaku-podi-mobile-safari\trace.zip

    ────────────────────────────────────────────────────────────────────────────────────────────────
]]>
</error>
</testcase>
<testcase name="@responsive visual regression + overflow › visual: products/nuvvula-podi" classname="13-visual-responsive.spec.js" time="0.006">
<system-err>
<![CDATA[
Warning: attachment artifacts\13-visual-responsive--resp-5f830-isual-products-nuvvula-podi-mobile-safari\error-context.md is missing
Warning: attachment artifacts\13-visual-responsive--resp-5f830-isual-products-nuvvula-podi-mobile-safari\trace.zip is missing]]>
</system-err>
<error message="browserType.launch: Executable doesn&apos;t exist at C:\Users\E092721\AppData\Local\ms-playwright\webkit-2311\Playwright.exe" type="Error">
<![CDATA[  [mobile-safari] › 13-visual-responsive.spec.js:38:9 › @responsive visual regression + overflow › visual: products/nuvvula-podi 

    Error: browserType.launch: Executable doesn't exist at C:\Users\E092721\AppData\Local\ms-playwright\webkit-2311\Playwright.exe
    ╔════════════════════════════════════════════════════════════╗
    ║ Looks like Playwright was just installed or updated.       ║
    ║ Please run the following command to download new browsers: ║
    ║                                                            ║
    ║     npx playwright install                                 ║
    ║                                                            ║
    ║ <3 Playwright Team                                         ║
    ╚════════════════════════════════════════════════════════════╝

    Error Context: ..\audit-report\artifacts\13-visual-responsive--resp-5f830-isual-products-nuvvula-podi-mobile-safari\error-context.md

    attachment #2: trace (application/zip) ─────────────────────────────────────────────────────────
    ..\audit-report\artifacts\13-visual-responsive--resp-5f830-isual-products-nuvvula-podi-mobile-safari\trace.zip
    Usage:

        npx playwright show-trace ..\audit-report\artifacts\13-visual-responsive--resp-5f830-isual-products-nuvvula-podi-mobile-safari\trace.zip

    ────────────────────────────────────────────────────────────────────────────────────────────────
]]>
</error>
</testcase>
<testcase name="@responsive visual regression + overflow › visual: products/nuvvula-undalu" classname="13-visual-responsive.spec.js" time="0.006">
<system-err>
<![CDATA[
Warning: attachment artifacts\13-visual-responsive--resp-319bc-ual-products-nuvvula-undalu-mobile-safari\error-context.md is missing
Warning: attachment artifacts\13-visual-responsive--resp-319bc-ual-products-nuvvula-undalu-mobile-safari\trace.zip is missing]]>
</system-err>
<error message="browserType.launch: Executable doesn&apos;t exist at C:\Users\E092721\AppData\Local\ms-playwright\webkit-2311\Playwright.exe" type="Error">
<![CDATA[  [mobile-safari] › 13-visual-responsive.spec.js:38:9 › @responsive visual regression + overflow › visual: products/nuvvula-undalu 

    Error: browserType.launch: Executable doesn't exist at C:\Users\E092721\AppData\Local\ms-playwright\webkit-2311\Playwright.exe
    ╔════════════════════════════════════════════════════════════╗
    ║ Looks like Playwright was just installed or updated.       ║
    ║ Please run the following command to download new browsers: ║
    ║                                                            ║
    ║     npx playwright install                                 ║
    ║                                                            ║
    ║ <3 Playwright Team                                         ║
    ╚════════════════════════════════════════════════════════════╝

    Error Context: ..\audit-report\artifacts\13-visual-responsive--resp-319bc-ual-products-nuvvula-undalu-mobile-safari\error-context.md

    attachment #2: trace (application/zip) ─────────────────────────────────────────────────────────
    ..\audit-report\artifacts\13-visual-responsive--resp-319bc-ual-products-nuvvula-undalu-mobile-safari\trace.zip
    Usage:

        npx playwright show-trace ..\audit-report\artifacts\13-visual-responsive--resp-319bc-ual-products-nuvvula-undalu-mobile-safari\trace.zip

    ────────────────────────────────────────────────────────────────────────────────────────────────
]]>
</error>
</testcase>
<testcase name="@responsive visual regression + overflow › visual: products/vellulli-karampodi" classname="13-visual-responsive.spec.js" time="0.006">
<system-err>
<![CDATA[
Warning: attachment artifacts\13-visual-responsive--resp-0c5b7-products-vellulli-karampodi-mobile-safari\error-context.md is missing
Warning: attachment artifacts\13-visual-responsive--resp-0c5b7-products-vellulli-karampodi-mobile-safari\trace.zip is missing]]>
</system-err>
<error message="browserType.launch: Executable doesn&apos;t exist at C:\Users\E092721\AppData\Local\ms-playwright\webkit-2311\Playwright.exe" type="Error">
<![CDATA[  [mobile-safari] › 13-visual-responsive.spec.js:38:9 › @responsive visual regression + overflow › visual: products/vellulli-karampodi 

    Error: browserType.launch: Executable doesn't exist at C:\Users\E092721\AppData\Local\ms-playwright\webkit-2311\Playwright.exe
    ╔════════════════════════════════════════════════════════════╗
    ║ Looks like Playwright was just installed or updated.       ║
    ║ Please run the following command to download new browsers: ║
    ║                                                            ║
    ║     npx playwright install                                 ║
    ║                                                            ║
    ║ <3 Playwright Team                                         ║
    ╚════════════════════════════════════════════════════════════╝

    Error Context: ..\audit-report\artifacts\13-visual-responsive--resp-0c5b7-products-vellulli-karampodi-mobile-safari\error-context.md

    attachment #2: trace (application/zip) ─────────────────────────────────────────────────────────
    ..\audit-report\artifacts\13-visual-responsive--resp-0c5b7-products-vellulli-karampodi-mobile-safari\trace.zip
    Usage:

        npx playwright show-trace ..\audit-report\artifacts\13-visual-responsive--resp-0c5b7-products-vellulli-karampodi-mobile-safari\trace.zip

    ────────────────────────────────────────────────────────────────────────────────────────────────
]]>
</error>
</testcase>
<testcase name="@responsive visual regression + overflow › visual: blog/homemade-vs-store-bought-podi" classname="13-visual-responsive.spec.js" time="0.006">
<system-err>
<![CDATA[
Warning: attachment artifacts\13-visual-responsive--resp-1594e-memade-vs-store-bought-podi-mobile-safari\error-context.md is missing
Warning: attachment artifacts\13-visual-responsive--resp-1594e-memade-vs-store-bought-podi-mobile-safari\trace.zip is missing]]>
</system-err>
<error message="browserType.launch: Executable doesn&apos;t exist at C:\Users\E092721\AppData\Local\ms-playwright\webkit-2311\Playwright.exe" type="Error">
<![CDATA[  [mobile-safari] › 13-visual-responsive.spec.js:38:9 › @responsive visual regression + overflow › visual: blog/homemade-vs-store-bought-podi 

    Error: browserType.launch: Executable doesn't exist at C:\Users\E092721\AppData\Local\ms-playwright\webkit-2311\Playwright.exe
    ╔════════════════════════════════════════════════════════════╗
    ║ Looks like Playwright was just installed or updated.       ║
    ║ Please run the following command to download new browsers: ║
    ║                                                            ║
    ║     npx playwright install                                 ║
    ║                                                            ║
    ║ <3 Playwright Team                                         ║
    ╚════════════════════════════════════════════════════════════╝

    Error Context: ..\audit-report\artifacts\13-visual-responsive--resp-1594e-memade-vs-store-bought-podi-mobile-safari\error-context.md

    attachment #2: trace (application/zip) ─────────────────────────────────────────────────────────
    ..\audit-report\artifacts\13-visual-responsive--resp-1594e-memade-vs-store-bought-podi-mobile-safari\trace.zip
    Usage:

        npx playwright show-trace ..\audit-report\artifacts\13-visual-responsive--resp-1594e-memade-vs-store-bought-podi-mobile-safari\trace.zip

    ────────────────────────────────────────────────────────────────────────────────────────────────
]]>
</error>
</testcase>
<testcase name="@responsive visual regression + overflow › visual: blog/kandi-podi-benefits-uses" classname="13-visual-responsive.spec.js" time="0.004">
<system-err>
<![CDATA[
Warning: attachment artifacts\13-visual-responsive--resp-dc051-og-kandi-podi-benefits-uses-mobile-safari\error-context.md is missing
Warning: attachment artifacts\13-visual-responsive--resp-dc051-og-kandi-podi-benefits-uses-mobile-safari\trace.zip is missing]]>
</system-err>
<error message="browserType.launch: Executable doesn&apos;t exist at C:\Users\E092721\AppData\Local\ms-playwright\webkit-2311\Playwright.exe" type="Error">
<![CDATA[  [mobile-safari] › 13-visual-responsive.spec.js:38:9 › @responsive visual regression + overflow › visual: blog/kandi-podi-benefits-uses 

    Error: browserType.launch: Executable doesn't exist at C:\Users\E092721\AppData\Local\ms-playwright\webkit-2311\Playwright.exe
    ╔════════════════════════════════════════════════════════════╗
    ║ Looks like Playwright was just installed or updated.       ║
    ║ Please run the following command to download new browsers: ║
    ║                                                            ║
    ║     npx playwright install                                 ║
    ║                                                            ║
    ║ <3 Playwright Team                                         ║
    ╚════════════════════════════════════════════════════════════╝

    Error Context: ..\audit-report\artifacts\13-visual-responsive--resp-dc051-og-kandi-podi-benefits-uses-mobile-safari\error-context.md

    attachment #2: trace (application/zip) ─────────────────────────────────────────────────────────
    ..\audit-report\artifacts\13-visual-responsive--resp-dc051-og-kandi-podi-benefits-uses-mobile-safari\trace.zip
    Usage:

        npx playwright show-trace ..\audit-report\artifacts\13-visual-responsive--resp-dc051-og-kandi-podi-benefits-uses-mobile-safari\trace.zip

    ────────────────────────────────────────────────────────────────────────────────────────────────
]]>
</error>
</testcase>
<testcase name="@responsive visual regression + overflow › visual: blog/karivepaku-podi-curry-leaves-powder" classname="13-visual-responsive.spec.js" time="0.008">
<system-err>
<![CDATA[
Warning: attachment artifacts\13-visual-responsive--resp-5f7e0-ku-podi-curry-leaves-powder-mobile-safari\error-context.md is missing
Warning: attachment artifacts\13-visual-responsive--resp-5f7e0-ku-podi-curry-leaves-powder-mobile-safari\trace.zip is missing]]>
</system-err>
<error message="browserType.launch: Executable doesn&apos;t exist at C:\Users\E092721\AppData\Local\ms-playwright\webkit-2311\Playwright.exe" type="Error">
<![CDATA[  [mobile-safari] › 13-visual-responsive.spec.js:38:9 › @responsive visual regression + overflow › visual: blog/karivepaku-podi-curry-leaves-powder 

    Error: browserType.launch: Executable doesn't exist at C:\Users\E092721\AppData\Local\ms-playwright\webkit-2311\Playwright.exe
    ╔════════════════════════════════════════════════════════════╗
    ║ Looks like Playwright was just installed or updated.       ║
    ║ Please run the following command to download new browsers: ║
    ║                                                            ║
    ║     npx playwright install                                 ║
    ║                                                            ║
    ║ <3 Playwright Team                                         ║
    ╚════════════════════════════════════════════════════════════╝

    Error Context: ..\audit-report\artifacts\13-visual-responsive--resp-5f7e0-ku-podi-curry-leaves-powder-mobile-safari\error-context.md

    attachment #2: trace (application/zip) ─────────────────────────────────────────────────────────
    ..\audit-report\artifacts\13-visual-responsive--resp-5f7e0-ku-podi-curry-leaves-powder-mobile-safari\trace.zip
    Usage:

        npx playwright show-trace ..\audit-report\artifacts\13-visual-responsive--resp-5f7e0-ku-podi-curry-leaves-powder-mobile-safari\trace.zip

    ────────────────────────────────────────────────────────────────────────────────────────────────
]]>
</error>
</testcase>
</testsuite>
<testsuite name="02-functional.spec.js" timestamp="2026-07-05T06:29:07.155Z" hostname="mobile-chrome" tests="1" failures="0" skipped="0" time="26.127" errors="0">
<testcase name="@mobile mobile menu › hamburger opens the slide-in menu and Escape closes it" classname="02-functional.spec.js" time="26.127">
</testcase>
</testsuite>
<testsuite name="05-accessibility.spec.js" timestamp="2026-07-05T06:29:07.155Z" hostname="mobile-chrome" tests="15" failures="0" skipped="0" time="338.566" errors="0">
<testcase name="@desktop @responsive accessibility › axe: home" classname="05-accessibility.spec.js" time="43.057">
</testcase>
<testcase name="@desktop @responsive accessibility › axe: policies" classname="05-accessibility.spec.js" time="31.216">
</testcase>
<testcase name="@desktop @responsive accessibility › axe: products/avise-ginjala-podi" classname="05-accessibility.spec.js" time="34.232">
</testcase>
<testcase name="@desktop @responsive accessibility › axe: products/bellam-palli-undalu" classname="05-accessibility.spec.js" time="21.671">
</testcase>
<testcase name="@desktop @responsive accessibility › axe: products/kandi-podi" classname="05-accessibility.spec.js" time="19.92">
</testcase>
<testcase name="@desktop @responsive accessibility › axe: products/karivepaku-podi" classname="05-accessibility.spec.js" time="19.993">
</testcase>
<testcase name="@desktop @responsive accessibility › axe: products/minapa-sunni-undalu" classname="05-accessibility.spec.js" time="18.951">
</testcase>
<testcase name="@desktop @responsive accessibility › axe: products/munagaku-podi" classname="05-accessibility.spec.js" time="16.147">
</testcase>
<testcase name="@desktop @responsive accessibility › axe: products/nuvvula-podi" classname="05-accessibility.spec.js" time="17.396">
</testcase>
<testcase name="@desktop @responsive accessibility › axe: products/nuvvula-undalu" classname="05-accessibility.spec.js" time="19.197">
</testcase>
<testcase name="@desktop @responsive accessibility › axe: products/vellulli-karampodi" classname="05-accessibility.spec.js" time="18.391">
</testcase>
<testcase name="@desktop @responsive accessibility › axe: blog/homemade-vs-store-bought-podi" classname="05-accessibility.spec.js" time="17.619">
</testcase>
<testcase name="@desktop @responsive accessibility › axe: blog/kandi-podi-benefits-uses" classname="05-accessibility.spec.js" time="16.296">
</testcase>
<testcase name="@desktop @responsive accessibility › axe: blog/karivepaku-podi-curry-leaves-powder" classname="05-accessibility.spec.js" time="17.418">
</testcase>
<testcase name="@desktop @responsive accessibility › axe: home with cart drawer open" classname="05-accessibility.spec.js" time="27.062">
</testcase>
</testsuite>
<testsuite name="13-visual-responsive.spec.js" timestamp="2026-07-05T06:29:07.155Z" hostname="mobile-chrome" tests="14" failures="0" skipped="0" time="197.379" errors="1">
<testcase name="@responsive visual regression + overflow › visual: home" classname="13-visual-responsive.spec.js" time="29.444">
<system-err>
<![CDATA[
Warning: attachment artifacts\13-visual-responsive--resp-8dbd4-ession-overflow-visual-home-mobile-chrome\test-failed-1.png is missing
Warning: attachment artifacts\13-visual-responsive--resp-8dbd4-ession-overflow-visual-home-mobile-chrome\error-context.md is missing
Warning: attachment artifacts\13-visual-responsive--resp-8dbd4-ession-overflow-visual-home-mobile-chrome\trace.zip is missing]]>
</system-err>
<error message="page.screenshot: Timeout 15000ms exceeded." type="TimeoutError">
<![CDATA[  [mobile-chrome] › 13-visual-responsive.spec.js:38:9 › @responsive visual regression + overflow › visual: home 

    TimeoutError: page.screenshot: Timeout 15000ms exceeded.
    Call log:
      - taking page screenshot
        - disabled all CSS animations
      - waiting for fonts to load...
      - fonts loaded


      48 |             const shotPath = path.join(VISUAL_DIR, project, `${route.slug}.png`);
      49 |             ensureDir(shotPath);
    > 50 |             const buf = await page.screenshot({ fullPage: true, animations: 'disabled', path: shotPath });
         |                                    ^
      51 |
      52 |             // Baseline compare
      53 |             const baselinePath = path.join(BASELINE_DIR, project, `${route.slug}.png`);
        at C:\repos\navyaskitchen\frontend\tests\audit\13-visual-responsive.spec.js:50:36

    attachment #1: screenshot (image/png) ──────────────────────────────────────────────────────────
    ..\audit-report\artifacts\13-visual-responsive--resp-8dbd4-ession-overflow-visual-home-mobile-chrome\test-failed-1.png
    ────────────────────────────────────────────────────────────────────────────────────────────────

    Error Context: ..\audit-report\artifacts\13-visual-responsive--resp-8dbd4-ession-overflow-visual-home-mobile-chrome\error-context.md

    attachment #3: trace (application/zip) ─────────────────────────────────────────────────────────
    ..\audit-report\artifacts\13-visual-responsive--resp-8dbd4-ession-overflow-visual-home-mobile-chrome\trace.zip
    Usage:

        npx playwright show-trace ..\audit-report\artifacts\13-visual-responsive--resp-8dbd4-ession-overflow-visual-home-mobile-chrome\trace.zip

    ────────────────────────────────────────────────────────────────────────────────────────────────
]]>
</error>
</testcase>
<testcase name="@responsive visual regression + overflow › visual: policies" classname="13-visual-responsive.spec.js" time="15.691">
</testcase>
<testcase name="@responsive visual regression + overflow › visual: products/avise-ginjala-podi" classname="13-visual-responsive.spec.js" time="14.338">
</testcase>
<testcase name="@responsive visual regression + overflow › visual: products/bellam-palli-undalu" classname="13-visual-responsive.spec.js" time="13.591">
</testcase>
<testcase name="@responsive visual regression + overflow › visual: products/kandi-podi" classname="13-visual-responsive.spec.js" time="11.638">
</testcase>
<testcase name="@responsive visual regression + overflow › visual: products/karivepaku-podi" classname="13-visual-responsive.spec.js" time="10.105">
</testcase>
<testcase name="@responsive visual regression + overflow › visual: products/minapa-sunni-undalu" classname="13-visual-responsive.spec.js" time="10.58">
</testcase>
<testcase name="@responsive visual regression + overflow › visual: products/munagaku-podi" classname="13-visual-responsive.spec.js" time="12.208">
</testcase>
<testcase name="@responsive visual regression + overflow › visual: products/nuvvula-podi" classname="13-visual-responsive.spec.js" time="13.493">
</testcase>
<testcase name="@responsive visual regression + overflow › visual: products/nuvvula-undalu" classname="13-visual-responsive.spec.js" time="20.609">
</testcase>
<testcase name="@responsive visual regression + overflow › visual: products/vellulli-karampodi" classname="13-visual-responsive.spec.js" time="10.752">
</testcase>
<testcase name="@responsive visual regression + overflow › visual: blog/homemade-vs-store-bought-podi" classname="13-visual-responsive.spec.js" time="11.407">
</testcase>
<testcase name="@responsive visual regression + overflow › visual: blog/kandi-podi-benefits-uses" classname="13-visual-responsive.spec.js" time="11.887">
</testcase>
<testcase name="@responsive visual regression + overflow › visual: blog/karivepaku-podi-curry-leaves-powder" classname="13-visual-responsive.spec.js" time="11.636">
</testcase>
</testsuite>
<testsuite name="05-accessibility.spec.js" timestamp="2026-07-05T06:29:07.155Z" hostname="tablet" tests="15" failures="0" skipped="0" time="0.179" errors="15">
<testcase name="@desktop @responsive accessibility › axe: home" classname="05-accessibility.spec.js" time="0.008">
<system-err>
<![CDATA[
Warning: attachment artifacts\05-accessibility--desktop-responsive-accessibility-axe-home-tablet\error-context.md is missing
Warning: attachment artifacts\05-accessibility--desktop-responsive-accessibility-axe-home-tablet\trace.zip is missing]]>
</system-err>
<error message="browserType.launch: Executable doesn&apos;t exist at C:\Users\E092721\AppData\Local\ms-playwright\webkit-2311\Playwright.exe" type="Error">
<![CDATA[  [tablet] › 05-accessibility.spec.js:112:9 › @desktop @responsive accessibility › axe: home ───────

    Error: browserType.launch: Executable doesn't exist at C:\Users\E092721\AppData\Local\ms-playwright\webkit-2311\Playwright.exe
    ╔════════════════════════════════════════════════════════════╗
    ║ Looks like Playwright was just installed or updated.       ║
    ║ Please run the following command to download new browsers: ║
    ║                                                            ║
    ║     npx playwright install                                 ║
    ║                                                            ║
    ║ <3 Playwright Team                                         ║
    ╚════════════════════════════════════════════════════════════╝

    Error Context: ..\audit-report\artifacts\05-accessibility--desktop-responsive-accessibility-axe-home-tablet\error-context.md

    attachment #2: trace (application/zip) ─────────────────────────────────────────────────────────
    ..\audit-report\artifacts\05-accessibility--desktop-responsive-accessibility-axe-home-tablet\trace.zip
    Usage:

        npx playwright show-trace ..\audit-report\artifacts\05-accessibility--desktop-responsive-accessibility-axe-home-tablet\trace.zip

    ────────────────────────────────────────────────────────────────────────────────────────────────
]]>
</error>
</testcase>
<testcase name="@desktop @responsive accessibility › axe: policies" classname="05-accessibility.spec.js" time="0.009">
<system-err>
<![CDATA[
Warning: attachment artifacts\05-accessibility--desktop--6ee82--accessibility-axe-policies-tablet\error-context.md is missing
Warning: attachment artifacts\05-accessibility--desktop--6ee82--accessibility-axe-policies-tablet\trace.zip is missing]]>
</system-err>
<error message="browserType.launch: Executable doesn&apos;t exist at C:\Users\E092721\AppData\Local\ms-playwright\webkit-2311\Playwright.exe" type="Error">
<![CDATA[  [tablet] › 05-accessibility.spec.js:112:9 › @desktop @responsive accessibility › axe: policies ───

    Error: browserType.launch: Executable doesn't exist at C:\Users\E092721\AppData\Local\ms-playwright\webkit-2311\Playwright.exe
    ╔════════════════════════════════════════════════════════════╗
    ║ Looks like Playwright was just installed or updated.       ║
    ║ Please run the following command to download new browsers: ║
    ║                                                            ║
    ║     npx playwright install                                 ║
    ║                                                            ║
    ║ <3 Playwright Team                                         ║
    ╚════════════════════════════════════════════════════════════╝

    Error Context: ..\audit-report\artifacts\05-accessibility--desktop--6ee82--accessibility-axe-policies-tablet\error-context.md

    attachment #2: trace (application/zip) ─────────────────────────────────────────────────────────
    ..\audit-report\artifacts\05-accessibility--desktop--6ee82--accessibility-axe-policies-tablet\trace.zip
    Usage:

        npx playwright show-trace ..\audit-report\artifacts\05-accessibility--desktop--6ee82--accessibility-axe-policies-tablet\trace.zip

    ────────────────────────────────────────────────────────────────────────────────────────────────
]]>
</error>
</testcase>
<testcase name="@desktop @responsive accessibility › axe: products/avise-ginjala-podi" classname="05-accessibility.spec.js" time="0.011">
<system-err>
<![CDATA[
Warning: attachment artifacts\05-accessibility--desktop--27de9-products-avise-ginjala-podi-tablet\error-context.md is missing
Warning: attachment artifacts\05-accessibility--desktop--27de9-products-avise-ginjala-podi-tablet\trace.zip is missing]]>
</system-err>
<error message="browserType.launch: Executable doesn&apos;t exist at C:\Users\E092721\AppData\Local\ms-playwright\webkit-2311\Playwright.exe" type="Error">
<![CDATA[  [tablet] › 05-accessibility.spec.js:112:9 › @desktop @responsive accessibility › axe: products/avise-ginjala-podi 

    Error: browserType.launch: Executable doesn't exist at C:\Users\E092721\AppData\Local\ms-playwright\webkit-2311\Playwright.exe
    ╔════════════════════════════════════════════════════════════╗
    ║ Looks like Playwright was just installed or updated.       ║
    ║ Please run the following command to download new browsers: ║
    ║                                                            ║
    ║     npx playwright install                                 ║
    ║                                                            ║
    ║ <3 Playwright Team                                         ║
    ╚════════════════════════════════════════════════════════════╝

    Error Context: ..\audit-report\artifacts\05-accessibility--desktop--27de9-products-avise-ginjala-podi-tablet\error-context.md

    attachment #2: trace (application/zip) ─────────────────────────────────────────────────────────
    ..\audit-report\artifacts\05-accessibility--desktop--27de9-products-avise-ginjala-podi-tablet\trace.zip
    Usage:

        npx playwright show-trace ..\audit-report\artifacts\05-accessibility--desktop--27de9-products-avise-ginjala-podi-tablet\trace.zip

    ────────────────────────────────────────────────────────────────────────────────────────────────
]]>
</error>
</testcase>
<testcase name="@desktop @responsive accessibility › axe: products/bellam-palli-undalu" classname="05-accessibility.spec.js" time="0.007">
<system-err>
<![CDATA[
Warning: attachment artifacts\05-accessibility--desktop--0a8ed-roducts-bellam-palli-undalu-tablet\error-context.md is missing
Warning: attachment artifacts\05-accessibility--desktop--0a8ed-roducts-bellam-palli-undalu-tablet\trace.zip is missing]]>
</system-err>
<error message="browserType.launch: Executable doesn&apos;t exist at C:\Users\E092721\AppData\Local\ms-playwright\webkit-2311\Playwright.exe" type="Error">
<![CDATA[  [tablet] › 05-accessibility.spec.js:112:9 › @desktop @responsive accessibility › axe: products/bellam-palli-undalu 

    Error: browserType.launch: Executable doesn't exist at C:\Users\E092721\AppData\Local\ms-playwright\webkit-2311\Playwright.exe
    ╔════════════════════════════════════════════════════════════╗
    ║ Looks like Playwright was just installed or updated.       ║
    ║ Please run the following command to download new browsers: ║
    ║                                                            ║
    ║     npx playwright install                                 ║
    ║                                                            ║
    ║ <3 Playwright Team                                         ║
    ╚════════════════════════════════════════════════════════════╝

    Error Context: ..\audit-report\artifacts\05-accessibility--desktop--0a8ed-roducts-bellam-palli-undalu-tablet\error-context.md

    attachment #2: trace (application/zip) ─────────────────────────────────────────────────────────
    ..\audit-report\artifacts\05-accessibility--desktop--0a8ed-roducts-bellam-palli-undalu-tablet\trace.zip
    Usage:

        npx playwright show-trace ..\audit-report\artifacts\05-accessibility--desktop--0a8ed-roducts-bellam-palli-undalu-tablet\trace.zip

    ────────────────────────────────────────────────────────────────────────────────────────────────
]]>
</error>
</testcase>
<testcase name="@desktop @responsive accessibility › axe: products/kandi-podi" classname="05-accessibility.spec.js" time="0.009">
<system-err>
<![CDATA[
Warning: attachment artifacts\05-accessibility--desktop--604a7-ity-axe-products-kandi-podi-tablet\error-context.md is missing
Warning: attachment artifacts\05-accessibility--desktop--604a7-ity-axe-products-kandi-podi-tablet\trace.zip is missing]]>
</system-err>
<error message="browserType.launch: Executable doesn&apos;t exist at C:\Users\E092721\AppData\Local\ms-playwright\webkit-2311\Playwright.exe" type="Error">
<![CDATA[  [tablet] › 05-accessibility.spec.js:112:9 › @desktop @responsive accessibility › axe: products/kandi-podi 

    Error: browserType.launch: Executable doesn't exist at C:\Users\E092721\AppData\Local\ms-playwright\webkit-2311\Playwright.exe
    ╔════════════════════════════════════════════════════════════╗
    ║ Looks like Playwright was just installed or updated.       ║
    ║ Please run the following command to download new browsers: ║
    ║                                                            ║
    ║     npx playwright install                                 ║
    ║                                                            ║
    ║ <3 Playwright Team                                         ║
    ╚════════════════════════════════════════════════════════════╝

    Error Context: ..\audit-report\artifacts\05-accessibility--desktop--604a7-ity-axe-products-kandi-podi-tablet\error-context.md

    attachment #2: trace (application/zip) ─────────────────────────────────────────────────────────
    ..\audit-report\artifacts\05-accessibility--desktop--604a7-ity-axe-products-kandi-podi-tablet\trace.zip
    Usage:

        npx playwright show-trace ..\audit-report\artifacts\05-accessibility--desktop--604a7-ity-axe-products-kandi-podi-tablet\trace.zip

    ────────────────────────────────────────────────────────────────────────────────────────────────
]]>
</error>
</testcase>
<testcase name="@desktop @responsive accessibility › axe: products/karivepaku-podi" classname="05-accessibility.spec.js" time="0.018">
<system-err>
<![CDATA[
Warning: attachment artifacts\05-accessibility--desktop--d6bc6-xe-products-karivepaku-podi-tablet\error-context.md is missing
Warning: attachment artifacts\05-accessibility--desktop--d6bc6-xe-products-karivepaku-podi-tablet\trace.zip is missing]]>
</system-err>
<error message="browserType.launch: Executable doesn&apos;t exist at C:\Users\E092721\AppData\Local\ms-playwright\webkit-2311\Playwright.exe" type="Error">
[...]
]]>
</error>
</testcase>
<testcase name="@cross images › images: products/bellam-palli-undalu" classname="10-images.spec.js" time="0">
<error message="worker process exited unexpectedly (code=3221225794, signal=null)" type="Error">
<![CDATA[  [chromium-desktop] › 10-images.spec.js:20:9 › @cross images › images: products/bellam-palli-undalu 

    Error: worker process exited unexpectedly (code=3221225794, signal=null)
]]>
</error>
</testcase>
<testcase name="@cross images › images: products/kandi-podi" classname="10-images.spec.js" time="0">
<error message="worker process exited unexpectedly (code=3221225794, signal=null)" type="Error">
<![CDATA[  [chromium-desktop] › 10-images.spec.js:20:9 › @cross images › images: products/kandi-podi ────────

    Error: worker process exited unexpectedly (code=3221225794, signal=null)
]]>
</error>
</testcase>
<testcase name="@cross images › images: products/karivepaku-podi" classname="10-images.spec.js" time="0">
<error message="worker process exited unexpectedly (code=3221225794, signal=null)" type="Error">
<![CDATA[  [chromium-desktop] › 10-images.spec.js:20:9 › @cross images › images: products/karivepaku-podi ───

    Error: worker process exited unexpectedly (code=3221225794, signal=null)
]]>
</error>
</testcase>
<testcase name="@cross images › images: products/minapa-sunni-undalu" classname="10-images.spec.js" time="0">
<error message="worker process exited unexpectedly (code=3221225794, signal=null)" type="Error">
<![CDATA[  [chromium-desktop] › 10-images.spec.js:20:9 › @cross images › images: products/minapa-sunni-undalu 

    Error: worker process exited unexpectedly (code=3221225794, signal=null)
]]>
</error>
</testcase>
<testcase name="@cross images › images: products/munagaku-podi" classname="10-images.spec.js" time="0">
<error message="worker process exited unexpectedly (code=3221225794, signal=null)" type="Error">
<![CDATA[  [chromium-desktop] › 10-images.spec.js:20:9 › @cross images › images: products/munagaku-podi ─────

    Error: worker process exited unexpectedly (code=3221225794, signal=null)
]]>
</error>
</testcase>
<testcase name="@cross images › images: products/nuvvula-podi" classname="10-images.spec.js" time="0">
<error message="worker process exited unexpectedly (code=3221225794, signal=null)" type="Error">
<![CDATA[  [chromium-desktop] › 10-images.spec.js:20:9 › @cross images › images: products/nuvvula-podi ──────

    Error: worker process exited unexpectedly (code=3221225794, signal=null)
]]>
</error>
</testcase>
<testcase name="@cross images › images: products/nuvvula-undalu" classname="10-images.spec.js" time="0">
<error message="worker process exited unexpectedly (code=3221225794, signal=null)" type="Error">
<![CDATA[  [chromium-desktop] › 10-images.spec.js:20:9 › @cross images › images: products/nuvvula-undalu ────

    Error: worker process exited unexpectedly (code=3221225794, signal=null)
]]>
</error>
</testcase>
<testcase name="@cross images › images: products/vellulli-karampodi" classname="10-images.spec.js" time="0">
<error message="worker process exited unexpectedly (code=3221225794, signal=null)" type="Error">
<![CDATA[  [chromium-desktop] › 10-images.spec.js:20:9 › @cross images › images: products/vellulli-karampodi 

    Error: worker process exited unexpectedly (code=3221225794, signal=null)
]]>
</error>
</testcase>
<testcase name="@cross images › images: blog/homemade-vs-store-bought-podi" classname="10-images.spec.js" time="0">
<error message="worker process exited unexpectedly (code=3221225794, signal=null)" type="Error">
<![CDATA[  [chromium-desktop] › 10-images.spec.js:20:9 › @cross images › images: blog/homemade-vs-store-bought-podi 

    Error: worker process exited unexpectedly (code=3221225794, signal=null)
]]>
</error>
</testcase>
<testcase name="@cross images › images: blog/kandi-podi-benefits-uses" classname="10-images.spec.js" time="0">
<error message="worker process exited unexpectedly (code=3221225794, signal=null)" type="Error">
<![CDATA[  [chromium-desktop] › 10-images.spec.js:20:9 › @cross images › images: blog/kandi-podi-benefits-uses 

    Error: worker process exited unexpectedly (code=3221225794, signal=null)
]]>
</error>
</testcase>
<testcase name="@cross images › images: blog/karivepaku-podi-curry-leaves-powder" classname="10-images.spec.js" time="0">
<error message="worker process exited unexpectedly (code=3221225794, signal=null)" type="Error">
<![CDATA[  [chromium-desktop] › 10-images.spec.js:20:9 › @cross images › images: blog/karivepaku-podi-curry-leaves-powder 

    Error: worker process exited unexpectedly (code=3221225794, signal=null)
]]>
</error>
</testcase>
</testsuite>
<testsuite name="11-content.spec.js" timestamp="2026-07-05T06:29:07.155Z" hostname="chromium-desktop" tests="14" failures="0" skipped="0" time="0" errors="14">
<testcase name="@chromium-only @cross content › content: home" classname="11-content.spec.js" time="0">
<error message="worker process exited unexpectedly (code=3221225794, signal=null)" type="Error">
<![CDATA[  [chromium-desktop] › 11-content.spec.js:34:9 › @chromium-only @cross content › content: home ─────

    Error: worker process exited unexpectedly (code=3221225794, signal=null)
]]>
</error>
</testcase>
<testcase name="@chromium-only @cross content › content: policies" classname="11-content.spec.js" time="0">
<error message="worker process exited unexpectedly (code=3221225794, signal=null)" type="Error">
<![CDATA[  [chromium-desktop] › 11-content.spec.js:34:9 › @chromium-only @cross content › content: policies ─

    Error: worker process exited unexpectedly (code=3221225794, signal=null)
]]>
</error>
</testcase>
<testcase name="@chromium-only @cross content › content: products/avise-ginjala-podi" classname="11-content.spec.js" time="0">
<error message="worker process exited unexpectedly (code=3221225794, signal=null)" type="Error">
<![CDATA[  [chromium-desktop] › 11-content.spec.js:34:9 › @chromium-only @cross content › content: products/avise-ginjala-podi 

    Error: worker process exited unexpectedly (code=3221225794, signal=null)
]]>
</error>
</testcase>
<testcase name="@chromium-only @cross content › content: products/bellam-palli-undalu" classname="11-content.spec.js" time="0">
<error message="worker process exited unexpectedly (code=3221225794, signal=null)" type="Error">
<![CDATA[  [chromium-desktop] › 11-content.spec.js:34:9 › @chromium-only @cross content › content: products/bellam-palli-undalu 

    Error: worker process exited unexpectedly (code=3221225794, signal=null)
]]>
</error>
</testcase>
<testcase name="@chromium-only @cross content › content: products/kandi-podi" classname="11-content.spec.js" time="0">
<error message="worker process exited unexpectedly (code=3221225794, signal=null)" type="Error">
<![CDATA[  [chromium-desktop] › 11-content.spec.js:34:9 › @chromium-only @cross content › content: products/kandi-podi 

    Error: worker process exited unexpectedly (code=3221225794, signal=null)
]]>
</error>
</testcase>
<testcase name="@chromium-only @cross content › content: products/karivepaku-podi" classname="11-content.spec.js" time="0">
<error message="worker process exited unexpectedly (code=3221225794, signal=null)" type="Error">
<![CDATA[  [chromium-desktop] › 11-content.spec.js:34:9 › @chromium-only @cross content › content: products/karivepaku-podi 

    Error: worker process exited unexpectedly (code=3221225794, signal=null)
]]>
</error>
</testcase>
<testcase name="@chromium-only @cross content › content: products/minapa-sunni-undalu" classname="11-content.spec.js" time="0">
<error message="worker process exited unexpectedly (code=3221225794, signal=null)" type="Error">
<![CDATA[  [chromium-desktop] › 11-content.spec.js:34:9 › @chromium-only @cross content › content: products/minapa-sunni-undalu 

    Error: worker process exited unexpectedly (code=3221225794, signal=null)
]]>
</error>
</testcase>
<testcase name="@chromium-only @cross content › content: products/munagaku-podi" classname="11-content.spec.js" time="0">
<error message="worker process exited unexpectedly (code=3221225794, signal=null)" type="Error">
<![CDATA[  [chromium-desktop] › 11-content.spec.js:34:9 › @chromium-only @cross content › content: products/munagaku-podi 

    Error: worker process exited unexpectedly (code=3221225794, signal=null)
]]>
</error>
</testcase>
<testcase name="@chromium-only @cross content › content: products/nuvvula-podi" classname="11-content.spec.js" time="0">
<error message="worker process exited unexpectedly (code=3221225794, signal=null)" type="Error">
<![CDATA[  [chromium-desktop] › 11-content.spec.js:34:9 › @chromium-only @cross content › content: products/nuvvula-podi 

    Error: worker process exited unexpectedly (code=3221225794, signal=null)
]]>
</error>
</testcase>
<testcase name="@chromium-only @cross content › content: products/nuvvula-undalu" classname="11-content.spec.js" time="0">
<error message="worker process exited unexpectedly (code=3221225794, signal=null)" type="Error">
<![CDATA[  [chromium-desktop] › 11-content.spec.js:34:9 › @chromium-only @cross content › content: products/nuvvula-undalu 

    Error: worker process exited unexpectedly (code=3221225794, signal=null)
]]>
</error>
</testcase>
<testcase name="@chromium-only @cross content › content: products/vellulli-karampodi" classname="11-content.spec.js" time="0">
<error message="worker process exited unexpectedly (code=3221225794, signal=null)" type="Error">
<![CDATA[  [chromium-desktop] › 11-content.spec.js:34:9 › @chromium-only @cross content › content: products/vellulli-karampodi 

    Error: worker process exited unexpectedly (code=3221225794, signal=null)
]]>
</error>
</testcase>
<testcase name="@chromium-only @cross content › content: blog/homemade-vs-store-bought-podi" classname="11-content.spec.js" time="0">
<error message="worker process exited unexpectedly (code=3221225794, signal=null)" type="Error">
<![CDATA[  [chromium-desktop] › 11-content.spec.js:34:9 › @chromium-only @cross content › content: blog/homemade-vs-store-bought-podi 

    Error: worker process exited unexpectedly (code=3221225794, signal=null)
]]>
</error>
</testcase>
<testcase name="@chromium-only @cross content › content: blog/kandi-podi-benefits-uses" classname="11-content.spec.js" time="0">
<error message="worker process exited unexpectedly (code=3221225794, signal=null)" type="Error">
<![CDATA[  [chromium-desktop] › 11-content.spec.js:34:9 › @chromium-only @cross content › content: blog/kandi-podi-benefits-uses 

    Error: worker process exited unexpectedly (code=3221225794, signal=null)
]]>
</error>
</testcase>
<testcase name="@chromium-only @cross content › content: blog/karivepaku-podi-curry-leaves-powder" classname="11-content.spec.js" time="0">
<error message="worker process exited unexpectedly (code=3221225794, signal=null)" type="Error">
<![CDATA[  [chromium-desktop] › 11-content.spec.js:34:9 › @chromium-only @cross content › content: blog/karivepaku-podi-curry-leaves-powder 

    Error: worker process exited unexpectedly (code=3221225794, signal=null)
]]>
</error>
</testcase>
</testsuite>
<testsuite name="12-security-headers.spec.js" timestamp="2026-07-05T06:29:07.155Z" hostname="chromium-desktop" tests="17" failures="0" skipped="0" time="0" errors="17">
<testcase name="@chromium-only @cross security posture › headers: home" classname="12-security-headers.spec.js" time="0">
<error message="worker process exited unexpectedly (code=3221225794, signal=null)" type="Error">
<![CDATA[  [chromium-desktop] › 12-security-headers.spec.js:31:9 › @chromium-only @cross security posture › headers: home 

    Error: worker process exited unexpectedly (code=3221225794, signal=null)
]]>
</error>
</testcase>
<testcase name="@chromium-only @cross security posture › headers: policies" classname="12-security-headers.spec.js" time="0">
<error message="worker process exited unexpectedly (code=3221225794, signal=null)" type="Error">
<![CDATA[  [chromium-desktop] › 12-security-headers.spec.js:31:9 › @chromium-only @cross security posture › headers: policies 

    Error: worker process exited unexpectedly (code=3221225794, signal=null)
]]>
</error>
</testcase>
<testcase name="@chromium-only @cross security posture › headers: products/avise-ginjala-podi" classname="12-security-headers.spec.js" time="0">
<error message="worker process exited unexpectedly (code=3221225794, signal=null)" type="Error">
<![CDATA[  [chromium-desktop] › 12-security-headers.spec.js:31:9 › @chromium-only @cross security posture › headers: products/avise-ginjala-podi 

    Error: worker process exited unexpectedly (code=3221225794, signal=null)
]]>
</error>
</testcase>
<testcase name="@chromium-only @cross security posture › headers: products/bellam-palli-undalu" classname="12-security-headers.spec.js" time="0">
<error message="worker process exited unexpectedly (code=3221225794, signal=null)" type="Error">
<![CDATA[  [chromium-desktop] › 12-security-headers.spec.js:31:9 › @chromium-only @cross security posture › headers: products/bellam-palli-undalu 

    Error: worker process exited unexpectedly (code=3221225794, signal=null)
]]>
</error>
</testcase>
<testcase name="@chromium-only @cross security posture › headers: products/kandi-podi" classname="12-security-headers.spec.js" time="0">
<error message="worker process exited unexpectedly (code=3221225794, signal=null)" type="Error">
<![CDATA[  [chromium-desktop] › 12-security-headers.spec.js:31:9 › @chromium-only @cross security posture › headers: products/kandi-podi 

    Error: worker process exited unexpectedly (code=3221225794, signal=null)
]]>
</error>
</testcase>
<testcase name="@chromium-only @cross security posture › headers: products/karivepaku-podi" classname="12-security-headers.spec.js" time="0">
<error message="worker process exited unexpectedly (code=3221225794, signal=null)" type="Error">
<![CDATA[  [chromium-desktop] › 12-security-headers.spec.js:31:9 › @chromium-only @cross security posture › headers: products/karivepaku-podi 

    Error: worker process exited unexpectedly (code=3221225794, signal=null)
]]>
</error>
</testcase>
<testcase name="@chromium-only @cross security posture › headers: products/minapa-sunni-undalu" classname="12-security-headers.spec.js" time="0">
<error message="worker process exited unexpectedly (code=3221225794, signal=null)" type="Error">
<![CDATA[  [chromium-desktop] › 12-security-headers.spec.js:31:9 › @chromium-only @cross security posture › headers: products/minapa-sunni-undalu 

    Error: worker process exited unexpectedly (code=3221225794, signal=null)
]]>
</error>
</testcase>
<testcase name="@chromium-only @cross security posture › headers: products/munagaku-podi" classname="12-security-headers.spec.js" time="0">
<error message="worker process exited unexpectedly (code=3221225794, signal=null)" type="Error">
<![CDATA[  [chromium-desktop] › 12-security-headers.spec.js:31:9 › @chromium-only @cross security posture › headers: products/munagaku-podi 

    Error: worker process exited unexpectedly (code=3221225794, signal=null)
]]>
</error>
</testcase>
<testcase name="@chromium-only @cross security posture › headers: products/nuvvula-podi" classname="12-security-headers.spec.js" time="0">
<error message="worker process exited unexpectedly (code=3221225794, signal=null)" type="Error">
<![CDATA[  [chromium-desktop] › 12-security-headers.spec.js:31:9 › @chromium-only @cross security posture › headers: products/nuvvula-podi 

    Error: worker process exited unexpectedly (code=3221225794, signal=null)
]]>
</error>
</testcase>
<testcase name="@chromium-only @cross security posture › headers: products/nuvvula-undalu" classname="12-security-headers.spec.js" time="0">
<error message="worker process exited unexpectedly (code=3221225794, signal=null)" type="Error">
<![CDATA[  [chromium-desktop] › 12-security-headers.spec.js:31:9 › @chromium-only @cross security posture › headers: products/nuvvula-undalu 

    Error: worker process exited unexpectedly (code=3221225794, signal=null)
]]>
</error>
</testcase>
<testcase name="@chromium-only @cross security posture › headers: products/vellulli-karampodi" classname="12-security-headers.spec.js" time="0">
<error message="worker process exited unexpectedly (code=3221225794, signal=null)" type="Error">
<![CDATA[  [chromium-desktop] › 12-security-headers.spec.js:31:9 › @chromium-only @cross security posture › headers: products/vellulli-karampodi 

    Error: worker process exited unexpectedly (code=3221225794, signal=null)
]]>
</error>
</testcase>
<testcase name="@chromium-only @cross security posture › headers: blog/homemade-vs-store-bought-podi" classname="12-security-headers.spec.js" time="0">
<error message="worker process exited unexpectedly (code=3221225794, signal=null)" type="Error">
<![CDATA[  [chromium-desktop] › 12-security-headers.spec.js:31:9 › @chromium-only @cross security posture › headers: blog/homemade-vs-store-bought-podi 

    Error: worker process exited unexpectedly (code=3221225794, signal=null)
]]>
</error>
</testcase>
<testcase name="@chromium-only @cross security posture › headers: blog/kandi-podi-benefits-uses" classname="12-security-headers.spec.js" time="0">
<error message="worker process exited unexpectedly (code=3221225794, signal=null)" type="Error">
<![CDATA[  [chromium-desktop] › 12-security-headers.spec.js:31:9 › @chromium-only @cross security posture › headers: blog/kandi-podi-benefits-uses 

    Error: worker process exited unexpectedly (code=3221225794, signal=null)
]]>
</error>
</testcase>
<testcase name="@chromium-only @cross security posture › headers: blog/karivepaku-podi-curry-leaves-powder" classname="12-security-headers.spec.js" time="0">
<error message="worker process exited unexpectedly (code=3221225794, signal=null)" type="Error">
<![CDATA[  [chromium-desktop] › 12-security-headers.spec.js:31:9 › @chromium-only @cross security posture › headers: blog/karivepaku-podi-curry-leaves-powder 

    Error: worker process exited unexpectedly (code=3221225794, signal=null)
]]>
</error>
</testcase>
<testcase name="@chromium-only @cross security posture › page HTML references only https:// external resources" classname="12-security-headers.spec.js" time="0">
<error message="worker process exited unexpectedly (code=3221225794, signal=null)" type="Error">
<![CDATA[  [chromium-desktop] › 12-security-headers.spec.js:54:5 › @chromium-only @cross security posture › page HTML references only https:// external resources 

    Error: worker process exited unexpectedly (code=3221225794, signal=null)
]]>
</error>
</testcase>
<testcase name="@chromium-only @cross security posture › staticwebapp.config.json declares security headers for production" classname="12-security-headers.spec.js" time="0">
<error message="worker process exited unexpectedly (code=3221225794, signal=null)" type="Error">
<![CDATA[  [chromium-desktop] › 12-security-headers.spec.js:82:5 › @chromium-only @cross security posture › staticwebapp.config.json declares security headers for production 

    Error: worker process exited unexpectedly (code=3221225794, signal=null)
]]>
</error>
</testcase>
<testcase name="@chromium-only @cross security posture › no obvious secrets leak into page HTML" classname="12-security-headers.spec.js" time="0">
<error message="worker process exited unexpectedly (code=3221225794, signal=null)" type="Error">
<![CDATA[  [chromium-desktop] › 12-security-headers.spec.js:118:5 › @chromium-only @cross security posture › no obvious secrets leak into page HTML 

    Error: worker process exited unexpectedly (code=3221225794, signal=null)
]]>
</error>
</testcase>
</testsuite>
<testsuite name="99-report.spec.js" timestamp="2026-07-05T06:29:07.155Z" hostname="report" tests="1" failures="0" skipped="1" time="0" errors="0">
<testcase name="@report aggregate › generate audit report and enforce quality gate" classname="99-report.spec.js">
<skipped>
</skipped>
</testcase>
</testsuite>
</testsuites>