<testsuites id="" name="" tests="149" failures="0" skipped="0" errors="0" time="288.042778">
<testsuite name="01-crawl.spec.js" timestamp="2026-07-05T11:44:16.456Z" hostname="chromium-desktop" tests="2" failures="0" skipped="0" time="43.912" errors="0">
<testcase name="@chromium-only @cross discovery › every seed route returns a successful response" classname="01-crawl.spec.js" time="21.262">
</testcase>
<testcase name="@chromium-only @cross discovery › crawl navigation and record any discovered internal pages" classname="01-crawl.spec.js" time="22.65">
</testcase>
</testsuite>
<testsuite name="02-functional.spec.js" timestamp="2026-07-05T11:44:16.456Z" hostname="chromium-desktop" tests="7" failures="0" skipped="0" time="94.185" errors="0">
<testcase name="@cross functional — home page › menu grid renders every advertised item" classname="02-functional.spec.js" time="16.373">
</testcase>
<testcase name="@cross functional — home page › category pills actually filter the menu" classname="02-functional.spec.js" time="18.63">
</testcase>
<testcase name="@cross functional — home page › add-to-cart updates badge, sticky bar, and drawer" classname="02-functional.spec.js" time="7.918">
</testcase>
<testcase name="@cross functional — home page › quantity buttons remove item at 0 without going negative" classname="02-functional.spec.js" time="23.426">
</testcase>
<testcase name="@cross functional — home page › opening drawer with an empty cart shows the empty state" classname="02-functional.spec.js" time="9.206">
</testcase>
<testcase name="@cross functional — home page › checkout form refuses to submit when required fields are blank" classname="02-functional.spec.js" time="10.294">
</testcase>
<testcase name="@cross functional — home page › scroll changes navbar state to .scrolled" classname="02-functional.spec.js" time="8.338">
</testcase>
</testsuite>
<testsuite name="03-cart-checkout.spec.js" timestamp="2026-07-05T11:44:16.456Z" hostname="chromium-desktop" tests="5" failures="0" skipped="0" time="51.117" errors="0">
<testcase name="@desktop @cross cart &amp; checkout › rapid double-click on add-to-cart yields exactly 2 (not 1, not 3)" classname="03-cart-checkout.spec.js" time="8.258">
</testcase>
<testcase name="@desktop @cross cart &amp; checkout › adding one of every product does not corrupt totals" classname="03-cart-checkout.spec.js" time="11.614">
</testcase>
<testcase name="@desktop @cross cart &amp; checkout › successful checkout renders success screen and clears cart on close" classname="03-cart-checkout.spec.js" time="10.416">
</testcase>
<testcase name="@desktop @cross cart &amp; checkout › phone number with invalid pattern is rejected" classname="03-cart-checkout.spec.js" time="10.959">
</testcase>
<testcase name="@desktop @cross cart &amp; checkout › delivery date defaults to tomorrow and rejects past dates" classname="03-cart-checkout.spec.js" time="9.87">
</testcase>
</testsuite>
<testsuite name="04-negative-inputs.spec.js" timestamp="2026-07-05T11:44:16.456Z" hostname="chromium-desktop" tests="15" failures="0" skipped="0" time="171.476" errors="0">
<testcase name="@desktop @cross negative input — checkout › payload &quot;empty&quot; is handled gracefully" classname="04-negative-inputs.spec.js" time="10.37">
</testcase>
<testcase name="@desktop @cross negative input — checkout › payload &quot;whitespace-only&quot; is handled gracefully" classname="04-negative-inputs.spec.js" time="11.348">
</testcase>
<testcase name="@desktop @cross negative input — checkout › payload &quot;null-literal&quot; is handled gracefully" classname="04-negative-inputs.spec.js" time="10.826">
</testcase>
<testcase name="@desktop @cross negative input — checkout › payload &quot;undefined-literal&quot; is handled gracefully" classname="04-negative-inputs.spec.js" time="10.508">
</testcase>
<testcase name="@desktop @cross negative input — checkout › payload &quot;sql-injection&quot; is handled gracefully" classname="04-negative-inputs.spec.js" time="10.59">
</testcase>
<testcase name="@desktop @cross negative input — checkout › payload &quot;sql-drop&quot; is handled gracefully" classname="04-negative-inputs.spec.js" time="11.502">
</testcase>
<testcase name="@desktop @cross negative input — checkout › payload &quot;html-tag&quot; is handled gracefully" classname="04-negative-inputs.spec.js" time="11.641">
</testcase>
<testcase name="@desktop @cross negative input — checkout › payload &quot;script-tag&quot; is handled gracefully" classname="04-negative-inputs.spec.js" time="11.892">
</testcase>
<testcase name="@desktop @cross negative input — checkout › payload &quot;onerror-img&quot; is handled gracefully" classname="04-negative-inputs.spec.js" time="11.541">
</testcase>
<testcase name="@desktop @cross negative input — checkout › payload &quot;unicode&quot; is handled gracefully" classname="04-negative-inputs.spec.js" time="12.431">
</testcase>
<testcase name="@desktop @cross negative input — checkout › payload &quot;emoji-only&quot; is handled gracefully" classname="04-negative-inputs.spec.js" time="11.366">
</testcase>
<testcase name="@desktop @cross negative input — checkout › payload &quot;long-string&quot; is handled gracefully" classname="04-negative-inputs.spec.js" time="11.564">
</testcase>
<testcase name="@desktop @cross negative input — checkout › payload &quot;newline-injection&quot; is handled gracefully" classname="04-negative-inputs.spec.js" time="11.492">
</testcase>
<testcase name="@desktop @cross negative input — checkout › payload &quot;path-traversal&quot; is handled gracefully" classname="04-negative-inputs.spec.js" time="13.134">
</testcase>
<testcase name="@desktop @cross negative input — checkout › payload &quot;template-injection&quot; is handled gracefully" classname="04-negative-inputs.spec.js" time="11.271">
</testcase>
</testsuite>
<testsuite name="05-accessibility.spec.js" timestamp="2026-07-05T11:44:16.456Z" hostname="chromium-desktop" tests="15" failures="0" skipped="0" time="160.575" errors="0">
<testcase name="@desktop @responsive accessibility › axe: home" classname="05-accessibility.spec.js" time="17.413">
</testcase>
<testcase name="@desktop @responsive accessibility › axe: policies" classname="05-accessibility.spec.js" time="13.488">
</testcase>
<testcase name="@desktop @responsive accessibility › axe: products/avise-ginjala-podi" classname="05-accessibility.spec.js" time="11.339">
</testcase>
<testcase name="@desktop @responsive accessibility › axe: products/bellam-palli-undalu" classname="05-accessibility.spec.js" time="10.814">
</testcase>
<testcase name="@desktop @responsive accessibility › axe: products/kandi-podi" classname="05-accessibility.spec.js" time="8.924">
</testcase>
<testcase name="@desktop @responsive accessibility › axe: products/karivepaku-podi" classname="05-accessibility.spec.js" time="8.9">
</testcase>
<testcase name="@desktop @responsive accessibility › axe: products/minapa-sunni-undalu" classname="05-accessibility.spec.js" time="8.697">
</testcase>
<testcase name="@desktop @responsive accessibility › axe: products/munagaku-podi" classname="05-accessibility.spec.js" time="8.71">
</testcase>
<testcase name="@desktop @responsive accessibility › axe: products/nuvvula-podi" classname="05-accessibility.spec.js" time="8.648">
</testcase>
<testcase name="@desktop @responsive accessibility › axe: products/nuvvula-undalu" classname="05-accessibility.spec.js" time="8.825">
</testcase>
<testcase name="@desktop @responsive accessibility › axe: products/vellulli-karampodi" classname="05-accessibility.spec.js" time="8.967">
</testcase>
<testcase name="@desktop @responsive accessibility › axe: blog/homemade-vs-store-bought-podi" classname="05-accessibility.spec.js" time="9.326">
</testcase>
<testcase name="@desktop @responsive accessibility › axe: blog/kandi-podi-benefits-uses" classname="05-accessibility.spec.js" time="10.199">
</testcase>
<testcase name="@desktop @responsive accessibility › axe: blog/karivepaku-podi-curry-leaves-powder" classname="05-accessibility.spec.js" time="11.792">
</testcase>
<testcase name="@desktop @responsive accessibility › axe: home with cart drawer open" classname="05-accessibility.spec.js" time="14.533">
</testcase>
</testsuite>
<testsuite name="06-console-network.spec.js" timestamp="2026-07-05T11:44:16.456Z" hostname="chromium-desktop" tests="14" failures="0" skipped="0" time="73.166" errors="0">
<testcase name="@cross console &amp; network › console+network: home" classname="06-console-network.spec.js" time="7.715">
</testcase>
<testcase name="@cross console &amp; network › console+network: policies" classname="06-console-network.spec.js" time="6.18">
</testcase>
<testcase name="@cross console &amp; network › console+network: products/avise-ginjala-podi" classname="06-console-network.spec.js" time="6.074">
</testcase>
<testcase name="@cross console &amp; network › console+network: products/bellam-palli-undalu" classname="06-console-network.spec.js" time="5.782">
</testcase>
<testcase name="@cross console &amp; network › console+network: products/kandi-podi" classname="06-console-network.spec.js" time="5.281">
</testcase>
<testcase name="@cross console &amp; network › console+network: products/karivepaku-podi" classname="06-console-network.spec.js" time="4.784">
</testcase>
<testcase name="@cross console &amp; network › console+network: products/minapa-sunni-undalu" classname="06-console-network.spec.js" time="4.827">
</testcase>
<testcase name="@cross console &amp; network › console+network: products/munagaku-podi" classname="06-console-network.spec.js" time="4.925">
</testcase>
<testcase name="@cross console &amp; network › console+network: products/nuvvula-podi" classname="06-console-network.spec.js" time="4.385">
</testcase>
<testcase name="@cross console &amp; network › console+network: products/nuvvula-undalu" classname="06-console-network.spec.js" time="4.539">
</testcase>
<testcase name="@cross console &amp; network › console+network: products/vellulli-karampodi" classname="06-console-network.spec.js" time="4.531">
</testcase>
<testcase name="@cross console &amp; network › console+network: blog/homemade-vs-store-bought-podi" classname="06-console-network.spec.js" time="4.806">
</testcase>
<testcase name="@cross console &amp; network › console+network: blog/kandi-podi-benefits-uses" classname="06-console-network.spec.js" time="4.595">
</testcase>
<testcase name="@cross console &amp; network › console+network: blog/karivepaku-podi-curry-leaves-powder" classname="06-console-network.spec.js" time="4.742">
</testcase>
</testsuite>
<testsuite name="07-performance.spec.js" timestamp="2026-07-05T11:44:16.456Z" hostname="chromium-desktop" tests="14" failures="0" skipped="0" time="73.021" errors="0">
<testcase name="@desktop @cross performance › vitals: home" classname="07-performance.spec.js" time="6.257">
</testcase>
<testcase name="@desktop @cross performance › vitals: policies" classname="07-performance.spec.js" time="5.483">
</testcase>
<testcase name="@desktop @cross performance › vitals: products/avise-ginjala-podi" classname="07-performance.spec.js" time="5.769">
</testcase>
<testcase name="@desktop @cross performance › vitals: products/bellam-palli-undalu" classname="07-performance.spec.js" time="5.445">
</testcase>
<testcase name="@desktop @cross performance › vitals: products/kandi-podi" classname="07-performance.spec.js" time="5.078">
</testcase>
<testcase name="@desktop @cross performance › vitals: products/karivepaku-podi" classname="07-performance.spec.js" time="5.031">
</testcase>
<testcase name="@desktop @cross performance › vitals: products/minapa-sunni-undalu" classname="07-performance.spec.js" time="4.914">
</testcase>
<testcase name="@desktop @cross performance › vitals: products/munagaku-podi" classname="07-performance.spec.js" time="4.918">
</testcase>
<testcase name="@desktop @cross performance › vitals: products/nuvvula-podi" classname="07-performance.spec.js" time="4.97">
</testcase>
<testcase name="@desktop @cross performance › vitals: products/nuvvula-undalu" classname="07-performance.spec.js" time="4.954">
</testcase>
<testcase name="@desktop @cross performance › vitals: products/vellulli-karampodi" classname="07-performance.spec.js" time="5.123">
</testcase>
<testcase name="@desktop @cross performance › vitals: blog/homemade-vs-store-bought-podi" classname="07-performance.spec.js" time="4.997">
</testcase>
<testcase name="@desktop @cross performance › vitals: blog/kandi-podi-benefits-uses" classname="07-performance.spec.js" time="5.044">
</testcase>
<testcase name="@desktop @cross performance › vitals: blog/karivepaku-podi-curry-leaves-powder" classname="07-performance.spec.js" time="5.038">
</testcase>
</testsuite>
<testsuite name="08-seo-meta.spec.js" timestamp="2026-07-05T11:44:16.456Z" hostname="chromium-desktop" tests="17" failures="0" skipped="0" time="64.219" errors="0">
<testcase name="@chromium-only @cross seo › meta: home" classname="08-seo-meta.spec.js" time="5.517">
</testcase>
<testcase name="@chromium-only @cross seo › meta: policies" classname="08-seo-meta.spec.js" time="5.232">
</testcase>
<testcase name="@chromium-only @cross seo › meta: products/avise-ginjala-podi" classname="08-seo-meta.spec.js" time="3.607">
</testcase>
<testcase name="@chromium-only @cross seo › meta: products/bellam-palli-undalu" classname="08-seo-meta.spec.js" time="3.272">
</testcase>
<testcase name="@chromium-only @cross seo › meta: products/kandi-podi" classname="08-seo-meta.spec.js" time="3.452">
</testcase>
<testcase name="@chromium-only @cross seo › meta: products/karivepaku-podi" classname="08-seo-meta.spec.js" time="3.828">
</testcase>
<testcase name="@chromium-only @cross seo › meta: products/minapa-sunni-undalu" classname="08-seo-meta.spec.js" time="4.522">
</testcase>
<testcase name="@chromium-only @cross seo › meta: products/munagaku-podi" classname="08-seo-meta.spec.js" time="4.396">
</testcase>
<testcase name="@chromium-only @cross seo › meta: products/nuvvula-podi" classname="08-seo-meta.spec.js" time="3.831">
</testcase>
<testcase name="@chromium-only @cross seo › meta: products/nuvvula-undalu" classname="08-seo-meta.spec.js" time="4.264">
</testcase>
<testcase name="@chromium-only @cross seo › meta: products/vellulli-karampodi" classname="08-seo-meta.spec.js" time="3.532">
</testcase>
<testcase name="@chromium-only @cross seo › meta: blog/homemade-vs-store-bought-podi" classname="08-seo-meta.spec.js" time="2.896">
</testcase>
<testcase name="@chromium-only @cross seo › meta: blog/kandi-podi-benefits-uses" classname="08-seo-meta.spec.js" time="4.068">
</testcase>
<testcase name="@chromium-only @cross seo › meta: blog/karivepaku-podi-curry-leaves-powder" classname="08-seo-meta.spec.js" time="3.404">
</testcase>
<testcase name="@chromium-only @cross seo › robots.txt exists and is not empty" classname="08-seo-meta.spec.js" time="3.151">
</testcase>
<testcase name="@chromium-only @cross seo › sitemap.xml exists and references seed routes" classname="08-seo-meta.spec.js" time="0.39">
</testcase>
<testcase name="@chromium-only @cross seo › Google Analytics ID is not a placeholder" classname="08-seo-meta.spec.js" time="4.857">
</testcase>
</testsuite>
<testsuite name="09-link-integrity.spec.js" timestamp="2026-07-05T11:44:16.456Z" hostname="chromium-desktop" tests="14" failures="0" skipped="0" time="108.483" errors="0">
<testcase name="@chromium-only @cross links › links: home" classname="09-link-integrity.spec.js" time="7.669">
</testcase>
<testcase name="@chromium-only @cross links › links: policies" classname="09-link-integrity.spec.js" time="9.144">
</testcase>
<testcase name="@chromium-only @cross links › links: products/avise-ginjala-podi" classname="09-link-integrity.spec.js" time="9.613">
</testcase>
<testcase name="@chromium-only @cross links › links: products/bellam-palli-undalu" classname="09-link-integrity.spec.js" time="7.398">
</testcase>
<testcase name="@chromium-only @cross links › links: products/kandi-podi" classname="09-link-integrity.spec.js" time="7.144">
</testcase>
<testcase name="@chromium-only @cross links › links: products/karivepaku-podi" classname="09-link-integrity.spec.js" time="7.009">
</testcase>
<testcase name="@chromium-only @cross links › links: products/minapa-sunni-undalu" classname="09-link-integrity.spec.js" time="6.663">
</testcase>
<testcase name="@chromium-only @cross links › links: products/munagaku-podi" classname="09-link-integrity.spec.js" time="7.175">
</testcase>
<testcase name="@chromium-only @cross links › links: products/nuvvula-podi" classname="09-link-integrity.spec.js" time="7.057">
</testcase>
<testcase name="@chromium-only @cross links › links: products/nuvvula-undalu" classname="09-link-integrity.spec.js" time="7.517">
</testcase>
<testcase name="@chromium-only @cross links › links: products/vellulli-karampodi" classname="09-link-integrity.spec.js" time="7.85">
</testcase>
<testcase name="@chromium-only @cross links › links: blog/homemade-vs-store-bought-podi" classname="09-link-integrity.spec.js" time="8.437">
</testcase>
<testcase name="@chromium-only @cross links › links: blog/kandi-podi-benefits-uses" classname="09-link-integrity.spec.js" time="8.082">
</testcase>
<testcase name="@chromium-only @cross links › links: blog/karivepaku-podi-curry-leaves-powder" classname="09-link-integrity.spec.js" time="7.725">
</testcase>
</testsuite>
<testsuite name="10-images.spec.js" timestamp="2026-07-05T11:44:16.456Z" hostname="chromium-desktop" tests="14" failures="0" skipped="0" time="109.656" errors="0">
<testcase name="@cross images › images: home" classname="10-images.spec.js" time="6.209">
</testcase>
<testcase name="@cross images › images: policies" classname="10-images.spec.js" time="8.263">
</testcase>
<testcase name="@cross images › images: products/avise-ginjala-podi" classname="10-images.spec.js" time="8.388">
</testcase>
<testcase name="@cross images › images: products/bellam-palli-undalu" classname="10-images.spec.js" time="8.127">
</testcase>
<testcase name="@cross images › images: products/kandi-podi" classname="10-images.spec.js" time="7.63">
</testcase>
<testcase name="@cross images › images: products/karivepaku-podi" classname="10-images.spec.js" time="8.21">
</testcase>
<testcase name="@cross images › images: products/minapa-sunni-undalu" classname="10-images.spec.js" time="8.329">
</testcase>
<testcase name="@cross images › images: products/munagaku-podi" classname="10-images.spec.js" time="7.47">
</testcase>
<testcase name="@cross images › images: products/nuvvula-podi" classname="10-images.spec.js" time="8.004">
</testcase>
<testcase name="@cross images › images: products/nuvvula-undalu" classname="10-images.spec.js" time="8.01">
</testcase>
<testcase name="@cross images › images: products/vellulli-karampodi" classname="10-images.spec.js" time="7.881">
</testcase>
<testcase name="@cross images › images: blog/homemade-vs-store-bought-podi" classname="10-images.spec.js" time="7.725">
</testcase>
<testcase name="@cross images › images: blog/kandi-podi-benefits-uses" classname="10-images.spec.js" time="7.723">
</testcase>
<testcase name="@cross images › images: blog/karivepaku-podi-curry-leaves-powder" classname="10-images.spec.js" time="7.687">
</testcase>
</testsuite>
<testsuite name="11-content.spec.js" timestamp="2026-07-05T11:44:16.456Z" hostname="chromium-desktop" tests="14" failures="0" skipped="0" time="92.987" errors="0">
<testcase name="@chromium-only @cross content › content: home" classname="11-content.spec.js" time="4.969">
</testcase>
<testcase name="@chromium-only @cross content › content: policies" classname="11-content.spec.js" time="7.662">
</testcase>
<testcase name="@chromium-only @cross content › content: products/avise-ginjala-podi" classname="11-content.spec.js" time="7.585">
</testcase>
<testcase name="@chromium-only @cross content › content: products/bellam-palli-undalu" classname="11-content.spec.js" time="7.473">
</testcase>
<testcase name="@chromium-only @cross content › content: products/kandi-podi" classname="11-content.spec.js" time="7.318">
</testcase>
<testcase name="@chromium-only @cross content › content: products/karivepaku-podi" classname="11-content.spec.js" time="5.94">
</testcase>
<testcase name="@chromium-only @cross content › content: products/minapa-sunni-undalu" classname="11-content.spec.js" time="6.798">
</testcase>
<testcase name="@chromium-only @cross content › content: products/munagaku-podi" classname="11-content.spec.js" time="6.991">
</testcase>
<testcase name="@chromium-only @cross content › content: products/nuvvula-podi" classname="11-content.spec.js" time="6.965">
</testcase>
<testcase name="@chromium-only @cross content › content: products/nuvvula-undalu" classname="11-content.spec.js" time="5.964">
</testcase>
<testcase name="@chromium-only @cross content › content: products/vellulli-karampodi" classname="11-content.spec.js" time="6.177">
</testcase>
<testcase name="@chromium-only @cross content › content: blog/homemade-vs-store-bought-podi" classname="11-content.spec.js" time="6.312">
</testcase>
<testcase name="@chromium-only @cross content › content: blog/kandi-podi-benefits-uses" classname="11-content.spec.js" time="6.574">
</testcase>
<testcase name="@chromium-only @cross content › content: blog/karivepaku-podi-curry-leaves-powder" classname="11-content.spec.js" time="6.259">
</testcase>
</testsuite>
<testsuite name="12-security-headers.spec.js" timestamp="2026-07-05T11:44:16.456Z" hostname="chromium-desktop" tests="17" failures="0" skipped="0" time="11.535" errors="0">
<testcase name="@chromium-only @cross security posture › headers: home" classname="12-security-headers.spec.js" time="0.353">
</testcase>
<testcase name="@chromium-only @cross security posture › headers: policies" classname="12-security-headers.spec.js" time="0.049">
</testcase>
<testcase name="@chromium-only @cross security posture › headers: products/avise-ginjala-podi" classname="12-security-headers.spec.js" time="0.366">
</testcase>
<testcase name="@chromium-only @cross security posture › headers: products/bellam-palli-undalu" classname="12-security-headers.spec.js" time="0.046">
</testcase>
<testcase name="@chromium-only @cross security posture › headers: products/kandi-podi" classname="12-security-headers.spec.js" time="0.043">
</testcase>
<testcase name="@chromium-only @cross security posture › headers: products/karivepaku-podi" classname="12-security-headers.spec.js" time="0.046">
</testcase>
<testcase name="@chromium-only @cross security posture › headers: products/minapa-sunni-undalu" classname="12-security-headers.spec.js" time="0.049">
</testcase>
<testcase name="@chromium-only @cross security posture › headers: products/munagaku-podi" classname="12-security-headers.spec.js" time="0.049">
</testcase>
<testcase name="@chromium-only @cross security posture › headers: products/nuvvula-podi" classname="12-security-headers.spec.js" time="0.049">
</testcase>
<testcase name="@chromium-only @cross security posture › headers: products/nuvvula-undalu" classname="12-security-headers.spec.js" time="0.058">
</testcase>
<testcase name="@chromium-only @cross security posture › headers: products/vellulli-karampodi" classname="12-security-headers.spec.js" time="0.057">
</testcase>
<testcase name="@chromium-only @cross security posture › headers: blog/homemade-vs-store-bought-podi" classname="12-security-headers.spec.js" time="0.052">
</testcase>
<testcase name="@chromium-only @cross security posture › headers: blog/kandi-podi-benefits-uses" classname="12-security-headers.spec.js" time="0.058">
</testcase>
<testcase name="@chromium-only @cross security posture › headers: blog/karivepaku-podi-curry-leaves-powder" classname="12-security-headers.spec.js" time="0.053">
</testcase>
<testcase name="@chromium-only @cross security posture › page HTML references only https:// external resources" classname="12-security-headers.spec.js" time="5.018">
</testcase>
<testcase name="@chromium-only @cross security posture › staticwebapp.config.json declares security headers for production" classname="12-security-headers.spec.js" time="0.03">
</testcase>
<testcase name="@chromium-only @cross security posture › no obvious secrets leak into page HTML" classname="12-security-headers.spec.js" time="5.159">
</testcase>
</testsuite>
<testsuite name="99-report.spec.js" timestamp="2026-07-05T11:44:16.456Z" hostname="report" tests="1" failures="0" skipped="0" time="0.294" errors="0">
<testcase name="@report aggregate › generate audit report and enforce quality gate" classname="99-report.spec.js" time="0.294">
<system-out>
<![CDATA[
=== AUDIT PASS — score 0/100 — findings: 274 ===
  critical  0
  high      66
  medium    70
  low       137
  info      1

Full report: tests\audit-report\AUDIT_REPORT.md

]]>
</system-out>
</testcase>
</testsuite>
</testsuites>